[2012-11-30 14:45:22] request.ERROR: Symfony\Component\HttpKernel\Exception\NotFoundHttpException: No route found for "GET /" (uncaught exception) at C:\wamp\www\opmV1.0\vendor\symfony\src\Symfony\Bundle\FrameworkBundle\EventListener\RouterListener.php line 83 [] []
[2012-11-30 14:48:29] request.ERROR: Symfony\Component\HttpKernel\Exception\NotFoundHttpException: No route found for "GET /bundles/OpmTest/css/main.css" (uncaught exception) at C:\wamp\www\opmV1.0\vendor\symfony\src\Symfony\Bundle\FrameworkBundle\EventListener\RouterListener.php line 83 [] []
[2012-11-30 14:48:29] request.ERROR: Symfony\Component\HttpKernel\Exception\NotFoundHttpException: No route found for "GET /bundles/OpmTest/js/jquery-1.8.3.js" (uncaught exception) at C:\wamp\www\opmV1.0\vendor\symfony\src\Symfony\Bundle\FrameworkBundle\EventListener\RouterListener.php line 83 [] []
[2012-11-30 14:48:29] request.ERROR: Symfony\Component\HttpKernel\Exception\NotFoundHttpException: No route found for "GET /bundles/OpmTest/css/smoothness/jquery-ui-1.9.2.custom.min.css" (uncaught exception) at C:\wamp\www\opmV1.0\vendor\symfony\src\Symfony\Bundle\FrameworkBundle\EventListener\RouterListener.php line 83 [] []
[2012-11-30 14:48:29] request.ERROR: Symfony\Component\HttpKernel\Exception\NotFoundHttpException: No route found for "GET /bundles/OpmTest/js/jquery-ui-1.9.2.custom.min.js" (uncaught exception) at C:\wamp\www\opmV1.0\app\cache\prod\classes.php line 4642 [] []
[2012-11-30 14:48:29] request.ERROR: Symfony\Component\HttpKernel\Exception\NotFoundHttpException: No route found for "GET /bundles/OpmTest/images/logo.gif" (uncaught exception) at C:\wamp\www\opmV1.0\app\cache\prod\classes.php line 4642 [] []
[2012-11-30 14:48:29] request.ERROR: Symfony\Component\HttpKernel\Exception\NotFoundHttpException: No route found for "GET /bundles/OpmTest/images/loading.gif" (uncaught exception) at C:\wamp\www\opmV1.0\app\cache\prod\classes.php line 4642 [] []
[2012-12-03 07:49:16] request.ERROR: Symfony\Component\HttpKernel\Exception\NotFoundHttpException: No route found for "GET /" (uncaught exception) at C:\wamp\www\opmV1.0\app\cache\prod\classes.php line 4642 [] []
[2012-12-03 14:41:15] security.INFO: Populated SecurityContext with an anonymous Token [] []
[2012-12-03 14:41:15] request.ERROR: Symfony\Component\HttpKernel\Exception\NotFoundHttpException: No route found for "GET /bundles/OpmTest/css/main.css" (uncaught exception) at C:\wamp\www\opmV1.0\vendor\symfony\src\Symfony\Bundle\FrameworkBundle\EventListener\RouterListener.php line 83 [] []
[2012-12-03 14:41:15] security.INFO: Populated SecurityContext with an anonymous Token [] []
[2012-12-03 14:41:15] request.ERROR: Symfony\Component\HttpKernel\Exception\NotFoundHttpException: No route found for "GET /bundles/OpmTest/js/jquery-ui-1.9.2.custom.min.js" (uncaught exception) at C:\wamp\www\opmV1.0\vendor\symfony\src\Symfony\Bundle\FrameworkBundle\EventListener\RouterListener.php line 83 [] []
[2012-12-03 14:41:16] security.INFO: Populated SecurityContext with an anonymous Token [] []
[2012-12-03 14:41:16] request.ERROR: Symfony\Component\HttpKernel\Exception\NotFoundHttpException: No route found for "GET /bundles/OpmTest/css/smoothness/jquery-ui-1.9.2.custom.min.css" (uncaught exception) at C:\wamp\www\opmV1.0\vendor\symfony\src\Symfony\Bundle\FrameworkBundle\EventListener\RouterListener.php line 83 [] []
[2012-12-03 14:41:16] security.INFO: Populated SecurityContext with an anonymous Token [] []
[2012-12-03 14:41:16] request.ERROR: Symfony\Component\HttpKernel\Exception\NotFoundHttpException: No route found for "GET /bundles/OpmTest/images/logo.gif" (uncaught exception) at C:\wamp\www\opmV1.0\app\cache\prod\classes.php line 4642 [] []
[2012-12-03 14:45:30] security.INFO: Populated SecurityContext with an anonymous Token [] []
[2012-12-03 14:45:30] request.ERROR: Symfony\Component\HttpKernel\Exception\NotFoundHttpException: No route found for "GET /bundles/OpmTest/css/smoothness/jquery-ui-1.9.2.custom.min.css" (uncaught exception) at C:\wamp\www\opmV1.0\app\cache\prod\classes.php line 4642 [] []
[2012-12-03 14:45:30] security.INFO: Populated SecurityContext with an anonymous Token [] []
[2012-12-03 14:45:30] request.ERROR: Symfony\Component\HttpKernel\Exception\NotFoundHttpException: No route found for "GET /bundles/OpmTest/css/main.css" (uncaught exception) at C:\wamp\www\opmV1.0\app\cache\prod\classes.php line 4642 [] []
[2012-12-03 14:45:30] security.INFO: Populated SecurityContext with an anonymous Token [] []
[2012-12-03 14:45:30] request.ERROR: Symfony\Component\HttpKernel\Exception\NotFoundHttpException: No route found for "GET /bundles/OpmTest/js/jquery-1.8.3.js" (uncaught exception) at C:\wamp\www\opmV1.0\app\cache\prod\classes.php line 4642 [] []
[2012-12-03 14:45:31] security.INFO: Populated SecurityContext with an anonymous Token [] []
[2012-12-03 14:45:31] request.ERROR: Symfony\Component\HttpKernel\Exception\NotFoundHttpException: No route found for "GET /bundles/OpmTest/js/jquery-ui-1.9.2.custom.min.js" (uncaught exception) at C:\wamp\www\opmV1.0\app\cache\prod\classes.php line 4642 [] []
[2012-12-03 14:45:31] security.INFO: Populated SecurityContext with an anonymous Token [] []
[2012-12-03 14:45:31] request.ERROR: Symfony\Component\HttpKernel\Exception\NotFoundHttpException: No route found for "GET /bundles/OpmTest/images/logo.gif" (uncaught exception) at C:\wamp\www\opmV1.0\app\cache\prod\classes.php line 4642 [] []
[2012-12-03 14:45:32] security.INFO: Populated SecurityContext with an anonymous Token [] []
[2012-12-03 14:45:32] request.ERROR: Symfony\Component\HttpKernel\Exception\NotFoundHttpException: No route found for "GET /bundles/OpmTest/css/main.css" (uncaught exception) at C:\wamp\www\opmV1.0\app\cache\prod\classes.php line 4642 [] []
[2012-12-03 14:45:32] security.INFO: Populated SecurityContext with an anonymous Token [] []
[2012-12-03 14:45:32] request.ERROR: Symfony\Component\HttpKernel\Exception\NotFoundHttpException: No route found for "GET /bundles/OpmTest/js/jquery-1.8.3.js" (uncaught exception) at C:\wamp\www\opmV1.0\app\cache\prod\classes.php line 4642 [] []
[2012-12-03 14:45:33] security.INFO: Populated SecurityContext with an anonymous Token [] []
[2012-12-03 14:45:33] request.ERROR: Symfony\Component\HttpKernel\Exception\NotFoundHttpException: No route found for "GET /bundles/OpmTest/css/smoothness/jquery-ui-1.9.2.custom.min.css" (uncaught exception) at C:\wamp\www\opmV1.0\app\cache\prod\classes.php line 4642 [] []
[2012-12-03 14:45:33] security.INFO: Populated SecurityContext with an anonymous Token [] []
[2012-12-03 14:45:33] request.ERROR: Symfony\Component\HttpKernel\Exception\NotFoundHttpException: No route found for "GET /bundles/OpmTest/images/logo.gif" (uncaught exception) at C:\wamp\www\opmV1.0\app\cache\prod\classes.php line 4642 [] []
[2012-12-03 14:45:33] security.INFO: Populated SecurityContext with an anonymous Token [] []
[2012-12-03 14:45:33] request.ERROR: Symfony\Component\HttpKernel\Exception\NotFoundHttpException: No route found for "GET /bundles/OpmTest/js/jquery-ui-1.9.2.custom.min.js" (uncaught exception) at C:\wamp\www\opmV1.0\app\cache\prod\classes.php line 4642 [] []
[2012-12-03 14:45:33] security.INFO: Populated SecurityContext with an anonymous Token [] []
[2012-12-03 14:45:33] request.ERROR: Symfony\Component\HttpKernel\Exception\NotFoundHttpException: No route found for "GET /bundles/OpmTest/images/logo.gif" (uncaught exception) at C:\wamp\www\opmV1.0\app\cache\prod\classes.php line 4642 [] []
[2012-12-03 14:45:34] security.INFO: Populated SecurityContext with an anonymous Token [] []
[2012-12-03 14:45:34] request.ERROR: Symfony\Component\HttpKernel\Exception\NotFoundHttpException: No route found for "GET /bundles/OpmTest/css/main.css" (uncaught exception) at C:\wamp\www\opmV1.0\app\cache\prod\classes.php line 4642 [] []
[2012-12-03 14:45:34] security.INFO: Populated SecurityContext with an anonymous Token [] []
[2012-12-03 14:45:34] request.ERROR: Symfony\Component\HttpKernel\Exception\NotFoundHttpException: No route found for "GET /bundles/OpmTest/css/smoothness/jquery-ui-1.9.2.custom.min.css" (uncaught exception) at C:\wamp\www\opmV1.0\app\cache\prod\classes.php line 4642 [] []
[2012-12-03 14:45:35] security.INFO: Populated SecurityContext with an anonymous Token [] []
[2012-12-03 14:45:35] request.ERROR: Symfony\Component\HttpKernel\Exception\NotFoundHttpException: No route found for "GET /bundles/OpmTest/js/jquery-1.8.3.js" (uncaught exception) at C:\wamp\www\opmV1.0\app\cache\prod\classes.php line 4642 [] []
[2012-12-03 14:45:35] security.INFO: Populated SecurityContext with an anonymous Token [] []
[2012-12-03 14:45:35] request.ERROR: Symfony\Component\HttpKernel\Exception\NotFoundHttpException: No route found for "GET /bundles/OpmTest/js/jquery-ui-1.9.2.custom.min.js" (uncaught exception) at C:\wamp\www\opmV1.0\app\cache\prod\classes.php line 4642 [] []
[2012-12-03 14:45:35] security.INFO: Populated SecurityContext with an anonymous Token [] []
[2012-12-03 14:45:35] request.ERROR: Symfony\Component\HttpKernel\Exception\NotFoundHttpException: No route found for "GET /bundles/OpmTest/images/logo.gif" (uncaught exception) at C:\wamp\www\opmV1.0\app\cache\prod\classes.php line 4642 [] []
[2012-12-03 14:45:39] security.INFO: Populated SecurityContext with an anonymous Token [] []
[2012-12-03 14:45:40] request.ERROR: Symfony\Component\HttpKernel\Exception\NotFoundHttpException: No route found for "GET /bundles/OpmTest/css/main.css" (uncaught exception) at C:\wamp\www\opmV1.0\app\cache\prod\classes.php line 4642 [] []
[2012-12-03 14:45:40] security.INFO: Populated SecurityContext with an anonymous Token [] []
[2012-12-03 14:45:40] request.ERROR: Symfony\Component\HttpKernel\Exception\NotFoundHttpException: No route found for "GET /bundles/OpmTest/js/jquery-1.8.3.js" (uncaught exception) at C:\wamp\www\opmV1.0\app\cache\prod\classes.php line 4642 [] []
[2012-12-03 14:45:40] security.INFO: Populated SecurityContext with an anonymous Token [] []
[2012-12-03 14:45:40] request.ERROR: Symfony\Component\HttpKernel\Exception\NotFoundHttpException: No route found for "GET /bundles/OpmTest/css/smoothness/jquery-ui-1.9.2.custom.min.css" (uncaught exception) at C:\wamp\www\opmV1.0\app\cache\prod\classes.php line 4642 [] []
[2012-12-03 14:45:40] security.INFO: Populated SecurityContext with an anonymous Token [] []
[2012-12-03 14:45:40] request.ERROR: Symfony\Component\HttpKernel\Exception\NotFoundHttpException: No route found for "GET /bundles/OpmTest/js/jquery-ui-1.9.2.custom.min.js" (uncaught exception) at C:\wamp\www\opmV1.0\app\cache\prod\classes.php line 4642 [] []
[2012-12-03 14:46:05] security.INFO: Populated SecurityContext with an anonymous Token [] []
[2012-12-03 14:46:05] request.ERROR: Symfony\Component\HttpKernel\Exception\NotFoundHttpException: No route found for "GET /bundles/OpmTest/css/main.css" (uncaught exception) at C:\wamp\www\opmV1.0\app\cache\prod\classes.php line 4642 [] []
[2012-12-03 14:46:05] security.INFO: Populated SecurityContext with an anonymous Token [] []
[2012-12-03 14:46:05] request.ERROR: Symfony\Component\HttpKernel\Exception\NotFoundHttpException: No route found for "GET /bundles/OpmTest/js/jquery-ui-1.9.2.custom.min.js" (uncaught exception) at C:\wamp\www\opmV1.0\app\cache\prod\classes.php line 4642 [] []
[2012-12-03 14:46:05] security.INFO: Populated SecurityContext with an anonymous Token [] []
[2012-12-03 14:46:05] request.ERROR: Symfony\Component\HttpKernel\Exception\NotFoundHttpException: No route found for "GET /bundles/OpmTest/js/jquery-1.8.3.js" (uncaught exception) at C:\wamp\www\opmV1.0\app\cache\prod\classes.php line 4642 [] []
[2012-12-03 14:46:06] security.INFO: Populated SecurityContext with an anonymous Token [] []
[2012-12-03 14:46:06] request.ERROR: Symfony\Component\HttpKernel\Exception\NotFoundHttpException: No route found for "GET /bundles/OpmTest/css/smoothness/jquery-ui-1.9.2.custom.min.css" (uncaught exception) at C:\wamp\www\opmV1.0\app\cache\prod\classes.php line 4642 [] []
[2012-12-03 14:46:06] security.INFO: Populated SecurityContext with an anonymous Token [] []
[2012-12-03 14:46:06] request.ERROR: Symfony\Component\HttpKernel\Exception\NotFoundHttpException: No route found for "GET /bundles/OpmTest/js/jquery-ui-1.9.2.custom.min.js" (uncaught exception) at C:\wamp\www\opmV1.0\app\cache\prod\classes.php line 4642 [] []
[2012-12-03 14:46:08] security.INFO: Populated SecurityContext with an anonymous Token [] []
[2012-12-03 14:46:08] request.ERROR: Symfony\Component\HttpKernel\Exception\NotFoundHttpException: No route found for "GET /bundles/OpmTest/js/jquery-1.8.3.js" (uncaught exception) at C:\wamp\www\opmV1.0\app\cache\prod\classes.php line 4642 [] []
[2012-12-03 14:46:08] security.INFO: Populated SecurityContext with an anonymous Token [] []
[2012-12-03 14:46:08] request.ERROR: Symfony\Component\HttpKernel\Exception\NotFoundHttpException: No route found for "GET /bundles/OpmTest/css/smoothness/jquery-ui-1.9.2.custom.min.css" (uncaught exception) at C:\wamp\www\opmV1.0\app\cache\prod\classes.php line 4642 [] []
[2012-12-03 14:46:09] security.INFO: Populated SecurityContext with an anonymous Token [] []
[2012-12-03 14:46:09] request.ERROR: Symfony\Component\HttpKernel\Exception\NotFoundHttpException: No route found for "GET /bundles/OpmTest/css/main.css" (uncaught exception) at C:\wamp\www\opmV1.0\app\cache\prod\classes.php line 4642 [] []
[2012-12-03 14:46:09] security.INFO: Populated SecurityContext with an anonymous Token [] []
[2012-12-03 14:46:09] request.ERROR: Symfony\Component\HttpKernel\Exception\NotFoundHttpException: No route found for "GET /bundles/OpmTest/js/jquery-ui-1.9.2.custom.min.js" (uncaught exception) at C:\wamp\www\opmV1.0\app\cache\prod\classes.php line 4642 [] []
[2012-12-03 14:48:03] security.INFO: Populated SecurityContext with an anonymous Token [] []
[2012-12-03 14:48:03] request.ERROR: Symfony\Component\HttpKernel\Exception\NotFoundHttpException: No route found for "GET /bundles/OpmTest/js/jquery-ui-1.9.2.custom.min.js" (uncaught exception) at C:\wamp\www\opmV1.0\app\cache\prod\classes.php line 4642 [] []
[2012-12-03 14:48:03] security.INFO: Populated SecurityContext with an anonymous Token [] []
[2012-12-03 14:48:03] request.ERROR: Symfony\Component\HttpKernel\Exception\NotFoundHttpException: No route found for "GET /bundles/OpmTest/css/smoothness/jquery-ui-1.9.2.custom.min.css" (uncaught exception) at C:\wamp\www\opmV1.0\app\cache\prod\classes.php line 4642 [] []
[2012-12-03 14:48:03] security.INFO: Populated SecurityContext with an anonymous Token [] []
[2012-12-03 14:48:03] request.ERROR: Symfony\Component\HttpKernel\Exception\NotFoundHttpException: No route found for "GET /bundles/OpmTest/js/jquery-1.8.3.js" (uncaught exception) at C:\wamp\www\opmV1.0\app\cache\prod\classes.php line 4642 [] []
[2012-12-03 14:48:04] security.INFO: Populated SecurityContext with an anonymous Token [] []
[2012-12-03 14:48:04] request.ERROR: Symfony\Component\HttpKernel\Exception\NotFoundHttpException: No route found for "GET /bundles/OpmTest/js/jquery-ui-1.9.2.custom.min.js" (uncaught exception) at C:\wamp\www\opmV1.0\app\cache\prod\classes.php line 4642 [] []
[2012-12-03 14:49:04] security.INFO: Populated SecurityContext with an anonymous Token [] []
[2012-12-03 14:49:04] request.ERROR: Symfony\Component\HttpKernel\Exception\NotFoundHttpException: No route found for "GET /bundles/OpmTest/js/jquery-1.8.3.js" (uncaught exception) at C:\wamp\www\opmV1.0\app\cache\prod\classes.php line 4642 [] []
[2012-12-03 14:49:04] security.INFO: Populated SecurityContext with an anonymous Token [] []
[2012-12-03 14:49:04] request.ERROR: Symfony\Component\HttpKernel\Exception\NotFoundHttpException: No route found for "GET /bundles/OpmTest/css/smoothness/jquery-ui-1.9.2.custom.min.css" (uncaught exception) at C:\wamp\www\opmV1.0\app\cache\prod\classes.php line 4642 [] []
[2012-12-03 14:49:04] security.INFO: Populated SecurityContext with an anonymous Token [] []
[2012-12-03 14:49:04] request.ERROR: Symfony\Component\HttpKernel\Exception\NotFoundHttpException: No route found for "GET /bundles/OpmTest/js/jquery-ui-1.9.2.custom.min.js" (uncaught exception) at C:\wamp\www\opmV1.0\app\cache\prod\classes.php line 4642 [] []
[2012-12-03 14:49:13] security.INFO: Populated SecurityContext with an anonymous Token [] []
[2012-12-03 14:49:13] request.ERROR: Symfony\Component\HttpKernel\Exception\NotFoundHttpException: No route found for "GET /bundles/OpmTest/js/jquery-ui-1.9.2.custom.min.js" (uncaught exception) at C:\wamp\www\opmV1.0\app\cache\prod\classes.php line 4642 [] []
[2012-12-03 14:49:13] security.INFO: Populated SecurityContext with an anonymous Token [] []
[2012-12-03 14:49:13] request.ERROR: Symfony\Component\HttpKernel\Exception\NotFoundHttpException: No route found for "GET /bundles/OpmTest/css/smoothness/jquery-ui-1.9.2.custom.min.css" (uncaught exception) at C:\wamp\www\opmV1.0\app\cache\prod\classes.php line 4642 [] []
[2012-12-03 14:49:13] security.INFO: Populated SecurityContext with an anonymous Token [] []
[2012-12-03 14:49:13] request.ERROR: Symfony\Component\HttpKernel\Exception\NotFoundHttpException: No route found for "GET /bundles/OpmTest/js/jquery-1.8.3.js" (uncaught exception) at C:\wamp\www\opmV1.0\app\cache\prod\classes.php line 4642 [] []
[2012-12-03 14:49:14] security.INFO: Populated SecurityContext with an anonymous Token [] []
[2012-12-03 14:49:14] request.ERROR: Symfony\Component\HttpKernel\Exception\NotFoundHttpException: No route found for "GET /bundles/OpmTest/js/jquery-ui-1.9.2.custom.min.js" (uncaught exception) at C:\wamp\www\opmV1.0\app\cache\prod\classes.php line 4642 [] []
[2012-12-03 14:49:29] security.INFO: Populated SecurityContext with an anonymous Token [] []
[2012-12-03 14:49:29] request.ERROR: Symfony\Component\HttpKernel\Exception\NotFoundHttpException: No route found for "GET /bundles/OpmTest/css/smoothness/jquery-ui-1.9.2.custom.min.css" (uncaught exception) at C:\wamp\www\opmV1.0\app\cache\prod\classes.php line 4642 [] []
[2012-12-03 14:49:29] security.INFO: Populated SecurityContext with an anonymous Token [] []
[2012-12-03 14:49:29] request.ERROR: Symfony\Component\HttpKernel\Exception\NotFoundHttpException: No route found for "GET /bundles/OpmTest/js/jquery-1.8.3.js" (uncaught exception) at C:\wamp\www\opmV1.0\app\cache\prod\classes.php line 4642 [] []
[2012-12-03 14:49:29] security.INFO: Populated SecurityContext with an anonymous Token [] []
[2012-12-03 14:49:29] request.ERROR: Symfony\Component\HttpKernel\Exception\NotFoundHttpException: No route found for "GET /bundles/OpmTest/js/jquery-ui-1.9.2.custom.min.js" (uncaught exception) at C:\wamp\www\opmV1.0\app\cache\prod\classes.php line 4642 [] []
[2012-12-03 14:49:38] security.DEBUG: Read SecurityContext from the session [] []
[2012-12-03 14:49:38] security.DEBUG: Reloading user from user provider. [] []
[2012-12-03 14:49:38] security.DEBUG: Username "haithem" was reloaded from user provider. [] []
[2012-12-03 14:49:38] request.ERROR: Symfony\Component\HttpKernel\Exception\NotFoundHttpException: No route found for "GET /bundles/OpmTest/css/smoothness/jquery-ui-1.9.2.custom.min.css" (uncaught exception) at C:\wamp\www\opmV1.0\app\cache\prod\classes.php line 4642 [] []
[2012-12-03 14:49:38] security.DEBUG: Write SecurityContext in the session [] []
[2012-12-03 14:49:38] security.DEBUG: Read SecurityContext from the session [] []
[2012-12-03 14:49:38] security.DEBUG: Reloading user from user provider. [] []
[2012-12-03 14:49:38] security.DEBUG: Username "haithem" was reloaded from user provider. [] []
[2012-12-03 14:49:38] request.ERROR: Symfony\Component\HttpKernel\Exception\NotFoundHttpException: No route found for "GET /bundles/OpmTest/js/jquery-1.8.3.js" (uncaught exception) at C:\wamp\www\opmV1.0\app\cache\prod\classes.php line 4642 [] []
[2012-12-03 14:49:38] security.DEBUG: Write SecurityContext in the session [] []
[2012-12-03 14:49:38] security.DEBUG: Read SecurityContext from the session [] []
[2012-12-03 14:49:38] security.DEBUG: Reloading user from user provider. [] []
[2012-12-03 14:49:38] security.DEBUG: Username "haithem" was reloaded from user provider. [] []
[2012-12-03 14:49:38] request.ERROR: Symfony\Component\HttpKernel\Exception\NotFoundHttpException: No route found for "GET /bundles/OpmTest/js/jquery-ui-1.9.2.custom.min.js" (uncaught exception) at C:\wamp\www\opmV1.0\app\cache\prod\classes.php line 4642 [] []
[2012-12-03 14:49:38] security.DEBUG: Write SecurityContext in the session [] []
[2012-12-03 14:51:57] security.DEBUG: Read SecurityContext from the session [] []
[2012-12-03 14:51:57] security.DEBUG: Reloading user from user provider. [] []
[2012-12-03 14:51:57] security.DEBUG: Username "haithem" was reloaded from user provider. [] []
[2012-12-03 14:51:57] request.ERROR: Symfony\Component\HttpKernel\Exception\NotFoundHttpException: No route found for "GET /bundles/OpmTest/css/smoothness/jquery-ui-1.9.2.custom.min.css" (uncaught exception) at C:\wamp\www\opmV1.0\app\cache\prod\classes.php line 4642 [] []
[2012-12-03 14:51:57] security.DEBUG: Write SecurityContext in the session [] []
[2012-12-03 14:51:57] security.DEBUG: Read SecurityContext from the session [] []
[2012-12-03 14:51:57] security.DEBUG: Reloading user from user provider. [] []
[2012-12-03 14:51:57] security.DEBUG: Username "haithem" was reloaded from user provider. [] []
[2012-12-03 14:51:57] request.ERROR: Symfony\Component\HttpKernel\Exception\NotFoundHttpException: No route found for "GET /bundles/OpmTest/js/jquery-1.8.3.js" (uncaught exception) at C:\wamp\www\opmV1.0\app\cache\prod\classes.php line 4642 [] []
[2012-12-03 14:51:57] security.DEBUG: Write SecurityContext in the session [] []
[2012-12-03 14:51:57] security.DEBUG: Read SecurityContext from the session [] []
[2012-12-03 14:51:57] security.DEBUG: Reloading user from user provider. [] []
[2012-12-03 14:51:57] security.DEBUG: Username "haithem" was reloaded from user provider. [] []
[2012-12-03 14:51:58] request.ERROR: Symfony\Component\HttpKernel\Exception\NotFoundHttpException: No route found for "GET /bundles/OpmTest/js/jquery-ui-1.9.2.custom.min.js" (uncaught exception) at C:\wamp\www\opmV1.0\app\cache\prod\classes.php line 4642 [] []
[2012-12-03 14:51:58] security.DEBUG: Write SecurityContext in the session [] []
[2012-12-03 14:52:06] security.DEBUG: Read SecurityContext from the session [] []
[2012-12-03 14:52:06] security.DEBUG: Reloading user from user provider. [] []
[2012-12-03 14:52:06] security.DEBUG: Username "haithem" was reloaded from user provider. [] []
[2012-12-03 14:52:06] request.ERROR: Symfony\Component\HttpKernel\Exception\NotFoundHttpException: No route found for "GET /bundles/OpmTest/css/smoothness/jquery-ui-1.9.2.custom.min.css" (uncaught exception) at C:\wamp\www\opmV1.0\app\cache\prod\classes.php line 4642 [] []
[2012-12-03 14:52:06] security.DEBUG: Write SecurityContext in the session [] []
[2012-12-03 14:52:07] security.DEBUG: Read SecurityContext from the session [] []
[2012-12-03 14:52:07] security.DEBUG: Reloading user from user provider. [] []
[2012-12-03 14:52:07] security.DEBUG: Username "haithem" was reloaded from user provider. [] []
[2012-12-03 14:52:07] request.ERROR: Symfony\Component\HttpKernel\Exception\NotFoundHttpException: No route found for "GET /bundles/OpmTest/js/jquery-ui-1.9.2.custom.min.js" (uncaught exception) at C:\wamp\www\opmV1.0\app\cache\prod\classes.php line 4642 [] []
[2012-12-03 14:52:07] security.DEBUG: Write SecurityContext in the session [] []
[2012-12-03 14:52:07] security.DEBUG: Read SecurityContext from the session [] []
[2012-12-03 14:52:07] security.DEBUG: Reloading user from user provider. [] []
[2012-12-03 14:52:07] security.DEBUG: Username "haithem" was reloaded from user provider. [] []
[2012-12-03 14:52:07] request.ERROR: Symfony\Component\HttpKernel\Exception\NotFoundHttpException: No route found for "GET /bundles/OpmTest/js/jquery-1.8.3.js" (uncaught exception) at C:\wamp\www\opmV1.0\app\cache\prod\classes.php line 4642 [] []
[2012-12-03 14:52:07] security.DEBUG: Write SecurityContext in the session [] []
[2012-12-03 14:52:07] security.DEBUG: Read SecurityContext from the session [] []
[2012-12-03 14:52:07] security.DEBUG: Reloading user from user provider. [] []
[2012-12-03 14:52:07] security.DEBUG: Username "haithem" was reloaded from user provider. [] []
[2012-12-03 14:52:07] request.ERROR: Symfony\Component\HttpKernel\Exception\NotFoundHttpException: No route found for "GET /bundles/OpmTest/js/jquery-ui-1.9.2.custom.min.js" (uncaught exception) at C:\wamp\www\opmV1.0\app\cache\prod\classes.php line 4642 [] []
[2012-12-03 14:52:07] security.DEBUG: Write SecurityContext in the session [] []
[2012-12-03 14:52:12] security.INFO: Populated SecurityContext with an anonymous Token [] []
[2012-12-03 14:52:12] request.ERROR: Symfony\Component\HttpKernel\Exception\NotFoundHttpException: No route found for "GET /bundles/OpmTest/css/smoothness/jquery-ui-1.9.2.custom.min.css" (uncaught exception) at C:\wamp\www\opmV1.0\app\cache\prod\classes.php line 4642 [] []
[2012-12-03 14:52:12] security.INFO: Populated SecurityContext with an anonymous Token [] []
[2012-12-03 14:52:12] request.ERROR: Symfony\Component\HttpKernel\Exception\NotFoundHttpException: No route found for "GET /bundles/OpmTest/js/jquery-1.8.3.js" (uncaught exception) at C:\wamp\www\opmV1.0\app\cache\prod\classes.php line 4642 [] []
[2012-12-03 14:52:12] security.INFO: Populated SecurityContext with an anonymous Token [] []
[2012-12-03 14:52:12] request.ERROR: Symfony\Component\HttpKernel\Exception\NotFoundHttpException: No route found for "GET /bundles/OpmTest/js/jquery-ui-1.9.2.custom.min.js" (uncaught exception) at C:\wamp\www\opmV1.0\app\cache\prod\classes.php line 4642 [] []
[2012-12-03 14:52:34] security.INFO: Populated SecurityContext with an anonymous Token [] []
[2012-12-03 14:52:34] request.ERROR: Symfony\Component\HttpKernel\Exception\NotFoundHttpException: No route found for "GET /bundles/OpmTest/css/smoothness/jquery-ui-1.9.2.custom.min.css" (uncaught exception) at C:\wamp\www\opmV1.0\app\cache\prod\classes.php line 4642 [] []
[2012-12-03 14:52:34] security.INFO: Populated SecurityContext with an anonymous Token [] []
[2012-12-03 14:52:34] request.ERROR: Symfony\Component\HttpKernel\Exception\NotFoundHttpException: No route found for "GET /bundles/OpmTest/js/jquery-1.8.3.js" (uncaught exception) at C:\wamp\www\opmV1.0\app\cache\prod\classes.php line 4642 [] []
[2012-12-03 14:52:34] security.INFO: Populated SecurityContext with an anonymous Token [] []
[2012-12-03 14:52:34] request.ERROR: Symfony\Component\HttpKernel\Exception\NotFoundHttpException: No route found for "GET /bundles/OpmTest/js/jquery-ui-1.9.2.custom.min.js" (uncaught exception) at C:\wamp\www\opmV1.0\app\cache\prod\classes.php line 4642 [] []
[2012-12-03 14:52:41] security.INFO: Populated SecurityContext with an anonymous Token [] []
[2012-12-03 14:52:41] request.ERROR: Symfony\Component\HttpKernel\Exception\NotFoundHttpException: No route found for "GET /bundles/OpmTest/js/jquery-1.8.3.js" (uncaught exception) at C:\wamp\www\opmV1.0\app\cache\prod\classes.php line 4642 [] []
[2012-12-03 14:52:41] security.INFO: Populated SecurityContext with an anonymous Token [] []
[2012-12-03 14:52:41] request.ERROR: Symfony\Component\HttpKernel\Exception\NotFoundHttpException: No route found for "GET /bundles/OpmTest/css/smoothness/jquery-ui-1.9.2.custom.min.css" (uncaught exception) at C:\wamp\www\opmV1.0\app\cache\prod\classes.php line 4642 [] []
[2012-12-03 14:52:41] security.INFO: Populated SecurityContext with an anonymous Token [] []
[2012-12-03 14:52:41] request.ERROR: Symfony\Component\HttpKernel\Exception\NotFoundHttpException: No route found for "GET /bundles/OpmTest/js/jquery-ui-1.9.2.custom.min.js" (uncaught exception) at C:\wamp\www\opmV1.0\app\cache\prod\classes.php line 4642 [] []
[2012-12-03 14:53:09] security.INFO: Populated SecurityContext with an anonymous Token [] []
[2012-12-03 14:53:09] request.ERROR: Symfony\Component\HttpKernel\Exception\NotFoundHttpException: No route found for "GET /bundles/OpmTest/css/smoothness/jquery-ui-1.9.2.custom.min.css" (uncaught exception) at C:\wamp\www\opmV1.0\app\cache\prod\classes.php line 4642 [] []
[2012-12-03 14:53:09] security.INFO: Populated SecurityContext with an anonymous Token [] []
[2012-12-03 14:53:09] request.ERROR: Symfony\Component\HttpKernel\Exception\NotFoundHttpException: No route found for "GET /bundles/OpmTest/js/jquery-1.8.3.js" (uncaught exception) at C:\wamp\www\opmV1.0\app\cache\prod\classes.php line 4642 [] []
[2012-12-03 14:53:09] security.INFO: Populated SecurityContext with an anonymous Token [] []
[2012-12-03 14:53:09] request.ERROR: Symfony\Component\HttpKernel\Exception\NotFoundHttpException: No route found for "GET /bundles/OpmTest/js/jquery-ui-1.9.2.custom.min.js" (uncaught exception) at C:\wamp\www\opmV1.0\app\cache\prod\classes.php line 4642 [] []
[2012-12-03 14:54:07] security.INFO: Populated SecurityContext with an anonymous Token [] []
[2012-12-03 14:54:07] request.ERROR: Symfony\Component\HttpKernel\Exception\NotFoundHttpException: No route found for "GET /bundles/OpmTest/css/smoothness/jquery-ui-1.9.2.custom.min.css" (uncaught exception) at C:\wamp\www\opmV1.0\app\cache\prod\classes.php line 4642 [] []
[2012-12-03 14:54:07] security.INFO: Populated SecurityContext with an anonymous Token [] []
[2012-12-03 14:54:07] request.ERROR: Symfony\Component\HttpKernel\Exception\NotFoundHttpException: No route found for "GET /bundles/OpmTest/js/jquery-ui-1.9.2.custom.min.js" (uncaught exception) at C:\wamp\www\opmV1.0\app\cache\prod\classes.php line 4642 [] []
[2012-12-03 14:54:50] security.INFO: Populated SecurityContext with an anonymous Token [] []
[2012-12-03 14:54:50] request.ERROR: Symfony\Component\HttpKernel\Exception\NotFoundHttpException: No route found for "GET /bundles/OpmTest/js/jquery-ui-1.9.2.custom.min.js" (uncaught exception) at C:\wamp\www\opmV1.0\app\cache\prod\classes.php line 4642 [] []
[2012-12-03 14:54:50] security.INFO: Populated SecurityContext with an anonymous Token [] []
[2012-12-03 14:54:50] request.ERROR: Symfony\Component\HttpKernel\Exception\NotFoundHttpException: No route found for "GET /bundles/OpmTest/css/smoothness/jquery-ui-1.9.2.custom.min.css" (uncaught exception) at C:\wamp\www\opmV1.0\app\cache\prod\classes.php line 4642 [] []
[2012-12-03 14:54:50] security.INFO: Populated SecurityContext with an anonymous Token [] []
[2012-12-03 14:54:50] request.ERROR: Symfony\Component\HttpKernel\Exception\NotFoundHttpException: No route found for "GET /bundles/OpmTest/js/jquery-ui-1.9.2.custom.min.js" (uncaught exception) at C:\wamp\www\opmV1.0\app\cache\prod\classes.php line 4642 [] []
[2012-12-03 14:55:10] security.INFO: Populated SecurityContext with an anonymous Token [] []
[2012-12-03 14:55:10] request.ERROR: Symfony\Component\HttpKernel\Exception\NotFoundHttpException: No route found for "GET /bundles/OpmTest/css/smoothness/jquery-ui-1.9.2.custom.min.css" (uncaught exception) at C:\wamp\www\opmV1.0\app\cache\prod\classes.php line 4642 [] []
[2012-12-03 14:55:10] security.INFO: Populated SecurityContext with an anonymous Token [] []
[2012-12-03 14:55:10] request.ERROR: Symfony\Component\HttpKernel\Exception\NotFoundHttpException: No route found for "GET /bundles/OpmTest/js/jquery-ui-1.9.2.custom.min.js" (uncaught exception) at C:\wamp\www\opmV1.0\app\cache\prod\classes.php line 4642 [] []
[2012-12-03 14:55:27] security.DEBUG: Read SecurityContext from the session [] []
[2012-12-03 14:55:27] security.DEBUG: Reloading user from user provider. [] []
[2012-12-03 14:55:27] security.DEBUG: Username "haithem" was reloaded from user provider. [] []
[2012-12-03 14:55:27] request.ERROR: Symfony\Component\HttpKernel\Exception\NotFoundHttpException: No route found for "GET /bundles/OpmTest/css/smoothness/jquery-ui-1.9.2.custom.min.css" (uncaught exception) at C:\wamp\www\opmV1.0\app\cache\prod\classes.php line 4642 [] []
[2012-12-03 14:55:27] security.DEBUG: Write SecurityContext in the session [] []
[2012-12-03 14:55:28] security.DEBUG: Read SecurityContext from the session [] []
[2012-12-03 14:55:28] security.DEBUG: Reloading user from user provider. [] []
[2012-12-03 14:55:28] security.DEBUG: Username "haithem" was reloaded from user provider. [] []
[2012-12-03 14:55:28] request.ERROR: Symfony\Component\HttpKernel\Exception\NotFoundHttpException: No route found for "GET /bundles/OpmTest/js/jquery-ui-1.9.2.custom.min.js" (uncaught exception) at C:\wamp\www\opmV1.0\app\cache\prod\classes.php line 4642 [] []
[2012-12-03 14:55:28] security.DEBUG: Write SecurityContext in the session [] []
[2012-12-03 14:55:30] security.DEBUG: Read SecurityContext from the session [] []
[2012-12-03 14:55:30] security.DEBUG: Reloading user from user provider. [] []
[2012-12-03 14:55:30] security.DEBUG: Username "haithem" was reloaded from user provider. [] []
[2012-12-03 14:55:30] request.ERROR: Symfony\Component\HttpKernel\Exception\NotFoundHttpException: No route found for "GET /bundles/OpmTest/css/smoothness/jquery-ui-1.9.2.custom.min.css" (uncaught exception) at C:\wamp\www\opmV1.0\app\cache\prod\classes.php line 4642 [] []
[2012-12-03 14:55:30] security.DEBUG: Write SecurityContext in the session [] []
[2012-12-03 14:55:30] security.DEBUG: Read SecurityContext from the session [] []
[2012-12-03 14:55:30] security.DEBUG: Reloading user from user provider. [] []
[2012-12-03 14:55:30] security.DEBUG: Username "haithem" was reloaded from user provider. [] []
[2012-12-03 14:55:30] request.ERROR: Symfony\Component\HttpKernel\Exception\NotFoundHttpException: No route found for "GET /bundles/OpmTest/js/jquery-ui-1.9.2.custom.min.js" (uncaught exception) at C:\wamp\www\opmV1.0\app\cache\prod\classes.php line 4642 [] []
[2012-12-03 14:55:30] security.DEBUG: Write SecurityContext in the session [] []
[2012-12-03 14:55:33] security.INFO: Populated SecurityContext with an anonymous Token [] []
[2012-12-03 14:55:33] request.ERROR: Symfony\Component\HttpKernel\Exception\NotFoundHttpException: No route found for "GET /bundles/OpmTest/css/smoothness/jquery-ui-1.9.2.custom.min.css" (uncaught exception) at C:\wamp\www\opmV1.0\app\cache\prod\classes.php line 4642 [] []
[2012-12-03 14:55:34] security.INFO: Populated SecurityContext with an anonymous Token [] []
[2012-12-03 14:55:34] request.ERROR: Symfony\Component\HttpKernel\Exception\NotFoundHttpException: No route found for "GET /bundles/OpmTest/js/jquery-ui-1.9.2.custom.min.js" (uncaught exception) at C:\wamp\www\opmV1.0\app\cache\prod\classes.php line 4642 [] []
[2012-12-03 14:55:49] security.DEBUG: Read SecurityContext from the session [] []
[2012-12-03 14:55:49] security.DEBUG: Reloading user from user provider. [] []
[2012-12-03 14:55:49] security.DEBUG: Username "haithem" was reloaded from user provider. [] []
[2012-12-03 14:55:49] request.ERROR: Symfony\Component\HttpKernel\Exception\NotFoundHttpException: No route found for "GET /bundles/OpmTest/js/jquery-ui-1.9.2.custom.min.js" (uncaught exception) at C:\wamp\www\opmV1.0\app\cache\prod\classes.php line 4642 [] []
[2012-12-03 14:55:49] security.DEBUG: Write SecurityContext in the session [] []
[2012-12-03 14:55:49] security.DEBUG: Read SecurityContext from the session [] []
[2012-12-03 14:55:49] security.DEBUG: Reloading user from user provider. [] []
[2012-12-03 14:55:49] security.DEBUG: Username "haithem" was reloaded from user provider. [] []
[2012-12-03 14:55:49] request.ERROR: Symfony\Component\HttpKernel\Exception\NotFoundHttpException: No route found for "GET /bundles/OpmTest/css/smoothness/jquery-ui-1.9.2.custom.min.css" (uncaught exception) at C:\wamp\www\opmV1.0\app\cache\prod\classes.php line 4642 [] []
[2012-12-03 14:55:49] security.DEBUG: Write SecurityContext in the session [] []
[2012-12-03 14:55:49] security.DEBUG: Read SecurityContext from the session [] []
[2012-12-03 14:55:49] security.DEBUG: Reloading user from user provider. [] []
[2012-12-03 14:55:49] security.DEBUG: Username "haithem" was reloaded from user provider. [] []
[2012-12-03 14:55:49] request.ERROR: Symfony\Component\HttpKernel\Exception\NotFoundHttpException: No route found for "GET /bundles/OpmTest/js/jquery-ui-1.9.2.custom.min.js" (uncaught exception) at C:\wamp\www\opmV1.0\app\cache\prod\classes.php line 4642 [] []
[2012-12-03 14:55:49] security.DEBUG: Write SecurityContext in the session [] []
[2012-12-03 14:56:50] security.INFO: Populated SecurityContext with an anonymous Token [] []
[2012-12-03 14:56:50] request.ERROR: Symfony\Component\HttpKernel\Exception\NotFoundHttpException: No route found for "GET /bundles/OpmTest/css/smoothness/jquery-ui-1.9.2.custom.min.css" (uncaught exception) at C:\wamp\www\opmV1.0\app\cache\prod\classes.php line 4642 [] []
[2012-12-03 14:56:50] security.INFO: Populated SecurityContext with an anonymous Token [] []
[2012-12-03 14:56:50] request.ERROR: Symfony\Component\HttpKernel\Exception\NotFoundHttpException: No route found for "GET /bundles/OpmTest/js/jquery-ui-1.9.2.custom.min.js" (uncaught exception) at C:\wamp\www\opmV1.0\app\cache\prod\classes.php line 4642 [] []
[2012-12-03 14:57:38] security.INFO: Populated SecurityContext with an anonymous Token [] []
[2012-12-03 14:57:38] request.ERROR: Symfony\Component\HttpKernel\Exception\NotFoundHttpException: No route found for "GET /bundles/OpmTest/js/jquery-ui-1.9.2.custom.min.js" (uncaught exception) at C:\wamp\www\opmV1.0\app\cache\prod\classes.php line 4642 [] []
[2012-12-03 14:57:38] security.INFO: Populated SecurityContext with an anonymous Token [] []
[2012-12-03 14:57:38] request.ERROR: Symfony\Component\HttpKernel\Exception\NotFoundHttpException: No route found for "GET /bundles/OpmTest/css/smoothness/jquery-ui-1.9.2.custom.min.css" (uncaught exception) at C:\wamp\www\opmV1.0\app\cache\prod\classes.php line 4642 [] []
[2012-12-03 14:57:38] security.INFO: Populated SecurityContext with an anonymous Token [] []
[2012-12-03 14:57:38] request.ERROR: Symfony\Component\HttpKernel\Exception\NotFoundHttpException: No route found for "GET /bundles/OpmTest/js/jquery-ui-1.9.2.custom.min.js" (uncaught exception) at C:\wamp\www\opmV1.0\app\cache\prod\classes.php line 4642 [] []
[2012-12-03 14:57:52] security.INFO: Populated SecurityContext with an anonymous Token [] []
[2012-12-03 14:57:52] request.ERROR: Symfony\Component\HttpKernel\Exception\NotFoundHttpException: No route found for "GET /bundles/OpmTest/css/smoothness/jquery-ui-1.9.2.custom.min.css" (uncaught exception) at C:\wamp\www\opmV1.0\app\cache\prod\classes.php line 4642 [] []
[2012-12-03 14:57:52] security.INFO: Populated SecurityContext with an anonymous Token [] []
[2012-12-03 14:57:52] request.ERROR: Symfony\Component\HttpKernel\Exception\NotFoundHttpException: No route found for "GET /bundles/OpmTest/js/jquery-ui-1.9.2.custom.min.js" (uncaught exception) at C:\wamp\www\opmV1.0\app\cache\prod\classes.php line 4642 [] []
[2012-12-03 14:57:55] security.INFO: Populated SecurityContext with an anonymous Token [] []
[2012-12-03 14:57:55] request.ERROR: Symfony\Component\HttpKernel\Exception\NotFoundHttpException: No route found for "GET /bundles/OpmTest/js/jquery-ui-1.9.2.custom.min.js" (uncaught exception) at C:\wamp\www\opmV1.0\app\cache\prod\classes.php line 4642 [] []
[2012-12-03 14:57:55] security.INFO: Populated SecurityContext with an anonymous Token [] []
[2012-12-03 14:57:55] request.ERROR: Symfony\Component\HttpKernel\Exception\NotFoundHttpException: No route found for "GET /bundles/OpmTest/css/smoothness/jquery-ui-1.9.2.custom.min.css" (uncaught exception) at C:\wamp\www\opmV1.0\app\cache\prod\classes.php line 4642 [] []
[2012-12-03 14:57:56] security.INFO: Populated SecurityContext with an anonymous Token [] []
[2012-12-03 14:57:56] request.ERROR: Symfony\Component\HttpKernel\Exception\NotFoundHttpException: No route found for "GET /bundles/OpmTest/js/jquery-ui-1.9.2.custom.min.js" (uncaught exception) at C:\wamp\www\opmV1.0\app\cache\prod\classes.php line 4642 [] []
[2012-12-03 14:58:10] security.DEBUG: Read SecurityContext from the session [] []
[2012-12-03 14:58:10] security.DEBUG: Reloading user from user provider. [] []
[2012-12-03 14:58:10] security.DEBUG: Username "haithem" was reloaded from user provider. [] []
[2012-12-03 14:58:10] request.ERROR: Symfony\Component\HttpKernel\Exception\NotFoundHttpException: No route found for "GET /bundles/OpmTest/css/smoothness/jquery-ui-1.9.2.custom.min.css" (uncaught exception) at C:\wamp\www\opmV1.0\app\cache\prod\classes.php line 4642 [] []
[2012-12-03 14:58:10] security.DEBUG: Write SecurityContext in the session [] []
[2012-12-03 14:58:10] security.DEBUG: Read SecurityContext from the session [] []
[2012-12-03 14:58:10] security.DEBUG: Reloading user from user provider. [] []
[2012-12-03 14:58:11] security.DEBUG: Username "haithem" was reloaded from user provider. [] []
[2012-12-03 14:58:11] request.ERROR: Symfony\Component\HttpKernel\Exception\NotFoundHttpException: No route found for "GET /bundles/OpmTest/js/jquery-ui-1.9.2.custom.min.js" (uncaught exception) at C:\wamp\www\opmV1.0\app\cache\prod\classes.php line 4642 [] []
[2012-12-03 14:58:11] security.DEBUG: Write SecurityContext in the session [] []
[2012-12-03 14:58:16] security.DEBUG: Read SecurityContext from the session [] []
[2012-12-03 14:58:16] security.DEBUG: Reloading user from user provider. [] []
[2012-12-03 14:58:16] security.DEBUG: Username "haithem" was reloaded from user provider. [] []
[2012-12-03 14:58:16] request.ERROR: Symfony\Component\HttpKernel\Exception\NotFoundHttpException: No route found for "GET /bundles/OpmTest/css/smoothness/jquery-ui-1.9.2.custom.min.css" (uncaught exception) at C:\wamp\www\opmV1.0\app\cache\prod\classes.php line 4642 [] []
[2012-12-03 14:58:16] security.DEBUG: Write SecurityContext in the session [] []
[2012-12-03 14:58:16] security.DEBUG: Read SecurityContext from the session [] []
[2012-12-03 14:58:16] security.DEBUG: Reloading user from user provider. [] []
[2012-12-03 14:58:16] security.DEBUG: Username "haithem" was reloaded from user provider. [] []
[2012-12-03 14:58:16] request.ERROR: Symfony\Component\HttpKernel\Exception\NotFoundHttpException: No route found for "GET /bundles/OpmTest/js/jquery-ui-1.9.2.custom.min.js" (uncaught exception) at C:\wamp\www\opmV1.0\app\cache\prod\classes.php line 4642 [] []
[2012-12-03 14:58:16] security.DEBUG: Write SecurityContext in the session [] []
[2012-12-03 14:58:31] security.DEBUG: Read SecurityContext from the session [] []
[2012-12-03 14:58:31] security.DEBUG: Reloading user from user provider. [] []
[2012-12-03 14:58:31] security.DEBUG: Username "haithem" was reloaded from user provider. [] []
[2012-12-03 14:58:31] request.ERROR: Symfony\Component\HttpKernel\Exception\NotFoundHttpException: No route found for "GET /bundles/OpmTest/css/smoothness/jquery-ui-1.9.2.custom.min.css" (uncaught exception) at C:\wamp\www\opmV1.0\app\cache\prod\classes.php line 4642 [] []
[2012-12-03 14:58:31] security.DEBUG: Write SecurityContext in the session [] []
[2012-12-03 14:58:31] security.DEBUG: Read SecurityContext from the session [] []
[2012-12-03 14:58:31] security.DEBUG: Reloading user from user provider. [] []
[2012-12-03 14:58:31] security.DEBUG: Username "haithem" was reloaded from user provider. [] []
[2012-12-03 14:58:31] request.ERROR: Symfony\Component\HttpKernel\Exception\NotFoundHttpException: No route found for "GET /bundles/OpmTest/js/jquery-ui-1.9.2.custom.min.js" (uncaught exception) at C:\wamp\www\opmV1.0\app\cache\prod\classes.php line 4642 [] []
[2012-12-03 14:58:31] security.DEBUG: Write SecurityContext in the session [] []
[2012-12-03 14:59:24] security.DEBUG: Read SecurityContext from the session [] []
[2012-12-03 14:59:24] security.DEBUG: Reloading user from user provider. [] []
[2012-12-03 14:59:24] security.DEBUG: Username "haithem" was reloaded from user provider. [] []
[2012-12-03 14:59:24] request.ERROR: Symfony\Component\HttpKernel\Exception\NotFoundHttpException: No route found for "GET /bundles/OpmTest/js/jquery-ui-1.9.2.custom.min.js" (uncaught exception) at C:\wamp\www\opmV1.0\app\cache\prod\classes.php line 4642 [] []
[2012-12-03 14:59:24] security.DEBUG: Write SecurityContext in the session [] []
[2012-12-03 14:59:24] security.DEBUG: Read SecurityContext from the session [] []
[2012-12-03 14:59:24] security.DEBUG: Reloading user from user provider. [] []
[2012-12-03 14:59:24] security.DEBUG: Username "haithem" was reloaded from user provider. [] []
[2012-12-03 14:59:24] request.ERROR: Symfony\Component\HttpKernel\Exception\NotFoundHttpException: No route found for "GET /bundles/OpmTest/css/smoothness/jquery-ui-1.9.2.custom.min.css" (uncaught exception) at C:\wamp\www\opmV1.0\app\cache\prod\classes.php line 4642 [] []
[2012-12-03 14:59:24] security.DEBUG: Write SecurityContext in the session [] []
[2012-12-03 14:59:24] security.DEBUG: Read SecurityContext from the session [] []
[2012-12-03 14:59:24] security.DEBUG: Reloading user from user provider. [] []
[2012-12-03 14:59:25] security.DEBUG: Username "haithem" was reloaded from user provider. [] []
[2012-12-03 14:59:25] request.ERROR: Symfony\Component\HttpKernel\Exception\NotFoundHttpException: No route found for "GET /bundles/OpmTest/js/jquery-ui-1.9.2.custom.min.js" (uncaught exception) at C:\wamp\www\opmV1.0\app\cache\prod\classes.php line 4642 [] []
[2012-12-03 14:59:25] security.DEBUG: Write SecurityContext in the session [] []
[2012-12-03 14:59:46] security.DEBUG: Read SecurityContext from the session [] []
[2012-12-03 14:59:46] security.DEBUG: Reloading user from user provider. [] []
[2012-12-03 14:59:46] security.DEBUG: Username "haithem" was reloaded from user provider. [] []
[2012-12-03 14:59:46] request.ERROR: Symfony\Component\HttpKernel\Exception\NotFoundHttpException: No route found for "GET /bundles/OpmTest/js/jquery-ui-1.9.2.custom.min.js" (uncaught exception) at C:\wamp\www\opmV1.0\app\cache\prod\classes.php line 4642 [] []
[2012-12-03 14:59:46] security.DEBUG: Write SecurityContext in the session [] []
[2012-12-03 14:59:46] security.DEBUG: Read SecurityContext from the session [] []
[2012-12-03 14:59:46] security.DEBUG: Reloading user from user provider. [] []
[2012-12-03 14:59:46] security.DEBUG: Username "haithem" was reloaded from user provider. [] []
[2012-12-03 14:59:46] request.ERROR: Symfony\Component\HttpKernel\Exception\NotFoundHttpException: No route found for "GET /bundles/OpmTest/css/smoothness/jquery-ui-1.9.2.custom.min.css" (uncaught exception) at C:\wamp\www\opmV1.0\app\cache\prod\classes.php line 4642 [] []
[2012-12-03 14:59:46] security.DEBUG: Write SecurityContext in the session [] []
[2012-12-03 14:59:46] security.DEBUG: Read SecurityContext from the session [] []
[2012-12-03 14:59:46] security.DEBUG: Reloading user from user provider. [] []
[2012-12-03 14:59:46] security.DEBUG: Username "haithem" was reloaded from user provider. [] []
[2012-12-03 14:59:46] request.ERROR: Symfony\Component\HttpKernel\Exception\NotFoundHttpException: No route found for "GET /bundles/OpmTest/js/jquery-ui-1.9.2.custom.min.js" (uncaught exception) at C:\wamp\www\opmV1.0\app\cache\prod\classes.php line 4642 [] []
[2012-12-03 14:59:46] security.DEBUG: Write SecurityContext in the session [] []
[2012-12-03 14:59:49] security.DEBUG: Read SecurityContext from the session [] []
[2012-12-03 14:59:49] security.DEBUG: Reloading user from user provider. [] []
[2012-12-03 14:59:49] security.DEBUG: Username "haithem" was reloaded from user provider. [] []
[2012-12-03 14:59:49] request.ERROR: Symfony\Component\HttpKernel\Exception\NotFoundHttpException: No route found for "GET /bundles/OpmTest/css/smoothness/jquery-ui-1.9.2.custom.min.css" (uncaught exception) at C:\wamp\www\opmV1.0\app\cache\prod\classes.php line 4642 [] []
[2012-12-03 14:59:49] security.DEBUG: Write SecurityContext in the session [] []
[2012-12-03 14:59:49] security.DEBUG: Read SecurityContext from the session [] []
[2012-12-03 14:59:49] security.DEBUG: Reloading user from user provider. [] []
[2012-12-03 14:59:49] security.DEBUG: Username "haithem" was reloaded from user provider. [] []
[2012-12-03 14:59:49] request.ERROR: Symfony\Component\HttpKernel\Exception\NotFoundHttpException: No route found for "GET /bundles/OpmTest/js/jquery-ui-1.9.2.custom.min.js" (uncaught exception) at C:\wamp\www\opmV1.0\app\cache\prod\classes.php line 4642 [] []
[2012-12-03 14:59:49] security.DEBUG: Write SecurityContext in the session [] []
[2012-12-03 14:59:52] security.INFO: Populated SecurityContext with an anonymous Token [] []
[2012-12-03 14:59:52] request.ERROR: Symfony\Component\HttpKernel\Exception\NotFoundHttpException: No route found for "GET /bundles/OpmTest/css/smoothness/jquery-ui-1.9.2.custom.min.css" (uncaught exception) at C:\wamp\www\opmV1.0\app\cache\prod\classes.php line 4642 [] []
[2012-12-03 14:59:52] security.INFO: Populated SecurityContext with an anonymous Token [] []
[2012-12-03 14:59:52] request.ERROR: Symfony\Component\HttpKernel\Exception\NotFoundHttpException: No route found for "GET /bundles/OpmTest/js/jquery-ui-1.9.2.custom.min.js" (uncaught exception) at C:\wamp\www\opmV1.0\app\cache\prod\classes.php line 4642 [] []
[2012-12-03 15:00:07] security.DEBUG: Read SecurityContext from the session [] []
[2012-12-03 15:00:07] security.DEBUG: Reloading user from user provider. [] []
[2012-12-03 15:00:07] security.DEBUG: Username "haithem" was reloaded from user provider. [] []
[2012-12-03 15:00:07] request.ERROR: Symfony\Component\HttpKernel\Exception\NotFoundHttpException: No route found for "GET /bundles/OpmTest/css/smoothness/jquery-ui-1.9.2.custom.min.css" (uncaught exception) at C:\wamp\www\opmV1.0\app\cache\prod\classes.php line 4642 [] []
[2012-12-03 15:00:07] security.DEBUG: Write SecurityContext in the session [] []
[2012-12-03 15:00:07] security.DEBUG: Read SecurityContext from the session [] []
[2012-12-03 15:00:07] security.DEBUG: Reloading user from user provider. [] []
[2012-12-03 15:00:07] security.DEBUG: Username "haithem" was reloaded from user provider. [] []
[2012-12-03 15:00:07] request.ERROR: Symfony\Component\HttpKernel\Exception\NotFoundHttpException: No route found for "GET /bundles/OpmTest/js/jquery-ui-1.9.2.custom.min.js" (uncaught exception) at C:\wamp\www\opmV1.0\app\cache\prod\classes.php line 4642 [] []
[2012-12-03 15:00:07] security.DEBUG: Write SecurityContext in the session [] []
[2012-12-03 15:00:10] security.DEBUG: Read SecurityContext from the session [] []
[2012-12-03 15:00:10] security.DEBUG: Reloading user from user provider. [] []
[2012-12-03 15:00:10] security.DEBUG: Username "haithem" was reloaded from user provider. [] []
[2012-12-03 15:00:10] request.ERROR: Symfony\Component\HttpKernel\Exception\NotFoundHttpException: No route found for "GET /bundles/OpmTest/css/smoothness/jquery-ui-1.9.2.custom.min.css" (uncaught exception) at C:\wamp\www\opmV1.0\app\cache\prod\classes.php line 4642 [] []
[2012-12-03 15:00:10] security.DEBUG: Write SecurityContext in the session [] []
[2012-12-03 15:00:10] security.DEBUG: Read SecurityContext from the session [] []
[2012-12-03 15:00:10] security.DEBUG: Reloading user from user provider. [] []
[2012-12-03 15:00:10] security.DEBUG: Username "haithem" was reloaded from user provider. [] []
[2012-12-03 15:00:10] request.ERROR: Symfony\Component\HttpKernel\Exception\NotFoundHttpException: No route found for "GET /bundles/OpmTest/js/jquery-ui-1.9.2.custom.min.js" (uncaught exception) at C:\wamp\www\opmV1.0\app\cache\prod\classes.php line 4642 [] []
[2012-12-03 15:00:10] security.DEBUG: Write SecurityContext in the session [] []
[2012-12-03 15:02:24] security.DEBUG: Read SecurityContext from the session [] []
[2012-12-03 15:02:24] security.DEBUG: Reloading user from user provider. [] []
[2012-12-03 15:02:24] security.DEBUG: Username "haithem" was reloaded from user provider. [] []
[2012-12-03 15:02:24] request.ERROR: Symfony\Component\HttpKernel\Exception\NotFoundHttpException: No route found for "GET /bundles/OpmTest/css/smoothness/jquery-ui-1.9.2.custom.min.css" (uncaught exception) at C:\wamp\www\opmV1.0\app\cache\prod\classes.php line 4642 [] []
[2012-12-03 15:02:24] security.DEBUG: Write SecurityContext in the session [] []
[2012-12-03 15:02:24] security.DEBUG: Read SecurityContext from the session [] []
[2012-12-03 15:02:24] security.DEBUG: Reloading user from user provider. [] []
[2012-12-03 15:02:24] security.DEBUG: Username "haithem" was reloaded from user provider. [] []
[2012-12-03 15:02:24] request.ERROR: Symfony\Component\HttpKernel\Exception\NotFoundHttpException: No route found for "GET /bundles/OpmTest/js/jquery-ui-1.9.2.custom.min.js" (uncaught exception) at C:\wamp\www\opmV1.0\app\cache\prod\classes.php line 4642 [] []
[2012-12-03 15:02:24] security.DEBUG: Write SecurityContext in the session [] []
[2012-12-03 15:04:12] security.DEBUG: Read SecurityContext from the session [] []
[2012-12-03 15:04:12] security.DEBUG: Reloading user from user provider. [] []
[2012-12-03 15:04:12] security.DEBUG: Username "haithem" was reloaded from user provider. [] []
[2012-12-03 15:04:12] request.ERROR: Symfony\Component\HttpKernel\Exception\NotFoundHttpException: No route found for "GET /bundles/OpmTest/js/jquery-ui-1.9.2.custom.min.js" (uncaught exception) at C:\wamp\www\opmV1.0\app\cache\prod\classes.php line 4642 [] []
[2012-12-03 15:04:12] security.DEBUG: Write SecurityContext in the session [] []
[2012-12-03 15:04:12] security.DEBUG: Read SecurityContext from the session [] []
[2012-12-03 15:04:12] security.DEBUG: Reloading user from user provider. [] []
[2012-12-03 15:04:12] security.DEBUG: Username "haithem" was reloaded from user provider. [] []
[2012-12-03 15:04:12] request.ERROR: Symfony\Component\HttpKernel\Exception\NotFoundHttpException: No route found for "GET /bundles/OpmTest/css/smoothness/jquery-ui-1.9.2.custom.min.css" (uncaught exception) at C:\wamp\www\opmV1.0\app\cache\prod\classes.php line 4642 [] []
[2012-12-03 15:04:12] security.DEBUG: Write SecurityContext in the session [] []
[2012-12-03 15:04:13] security.DEBUG: Read SecurityContext from the session [] []
[2012-12-03 15:04:13] security.DEBUG: Reloading user from user provider. [] []
[2012-12-03 15:04:13] security.DEBUG: Username "haithem" was reloaded from user provider. [] []
[2012-12-03 15:04:13] request.ERROR: Symfony\Component\HttpKernel\Exception\NotFoundHttpException: No route found for "GET /bundles/OpmTest/js/jquery-ui-1.9.2.custom.min.js" (uncaught exception) at C:\wamp\www\opmV1.0\app\cache\prod\classes.php line 4642 [] []
[2012-12-03 15:04:13] security.DEBUG: Write SecurityContext in the session [] []
[2012-12-03 15:04:16] security.DEBUG: Read SecurityContext from the session [] []
[2012-12-03 15:04:16] security.DEBUG: Reloading user from user provider. [] []
[2012-12-03 15:04:16] security.DEBUG: Username "haithem" was reloaded from user provider. [] []
[2012-12-03 15:04:16] request.ERROR: Symfony\Component\HttpKernel\Exception\NotFoundHttpException: No route found for "GET /bundles/OpmTest/css/smoothness/jquery-ui-1.9.2.custom.min.css" (uncaught exception) at C:\wamp\www\opmV1.0\app\cache\prod\classes.php line 4642 [] []
[2012-12-03 15:04:16] security.DEBUG: Write SecurityContext in the session [] []
[2012-12-03 15:04:16] security.DEBUG: Read SecurityContext from the session [] []
[2012-12-03 15:04:16] security.DEBUG: Reloading user from user provider. [] []
[2012-12-03 15:04:16] security.DEBUG: Username "haithem" was reloaded from user provider. [] []
[2012-12-03 15:04:16] request.ERROR: Symfony\Component\HttpKernel\Exception\NotFoundHttpException: No route found for "GET /bundles/OpmTest/js/jquery-ui-1.9.2.custom.min.js" (uncaught exception) at C:\wamp\www\opmV1.0\app\cache\prod\classes.php line 4642 [] []
[2012-12-03 15:04:16] security.DEBUG: Write SecurityContext in the session [] []
[2012-12-03 15:04:20] security.DEBUG: Read SecurityContext from the session [] []
[2012-12-03 15:04:20] security.DEBUG: Reloading user from user provider. [] []
[2012-12-03 15:04:20] security.DEBUG: Username "haithem" was reloaded from user provider. [] []
[2012-12-03 15:04:20] request.ERROR: Symfony\Component\HttpKernel\Exception\NotFoundHttpException: No route found for "GET /bundles/OpmTest/css/smoothness/jquery-ui-1.9.2.custom.min.css" (uncaught exception) at C:\wamp\www\opmV1.0\app\cache\prod\classes.php line 4642 [] []
[2012-12-03 15:04:20] security.DEBUG: Write SecurityContext in the session [] []
[2012-12-03 15:04:20] security.DEBUG: Read SecurityContext from the session [] []
[2012-12-03 15:04:20] security.DEBUG: Reloading user from user provider. [] []
[2012-12-03 15:04:20] security.DEBUG: Username "haithem" was reloaded from user provider. [] []
[2012-12-03 15:04:20] request.ERROR: Symfony\Component\HttpKernel\Exception\NotFoundHttpException: No route found for "GET /bundles/OpmTest/js/jquery-ui-1.9.2.custom.min.js" (uncaught exception) at C:\wamp\www\opmV1.0\app\cache\prod\classes.php line 4642 [] []
[2012-12-03 15:04:20] security.DEBUG: Write SecurityContext in the session [] []
[2012-12-03 15:04:28] security.DEBUG: Read SecurityContext from the session [] []
[2012-12-03 15:04:28] security.DEBUG: Reloading user from user provider. [] []
[2012-12-03 15:04:28] security.DEBUG: Username "haithem" was reloaded from user provider. [] []
[2012-12-03 15:04:28] request.ERROR: Symfony\Component\HttpKernel\Exception\NotFoundHttpException: No route found for "GET /bundles/OpmTest/css/smoothness/jquery-ui-1.9.2.custom.min.css" (uncaught exception) at C:\wamp\www\opmV1.0\app\cache\prod\classes.php line 4642 [] []
[2012-12-03 15:04:28] security.DEBUG: Write SecurityContext in the session [] []
[2012-12-03 15:04:28] security.DEBUG: Read SecurityContext from the session [] []
[2012-12-03 15:04:28] security.DEBUG: Reloading user from user provider. [] []
[2012-12-03 15:04:28] security.DEBUG: Username "haithem" was reloaded from user provider. [] []
[2012-12-03 15:04:28] request.ERROR: Symfony\Component\HttpKernel\Exception\NotFoundHttpException: No route found for "GET /bundles/OpmTest/js/jquery-ui-1.9.2.custom.min.js" (uncaught exception) at C:\wamp\www\opmV1.0\app\cache\prod\classes.php line 4642 [] []
[2012-12-03 15:04:28] security.DEBUG: Write SecurityContext in the session [] []
[2012-12-03 15:09:24] security.DEBUG: Read SecurityContext from the session [] []
[2012-12-03 15:09:24] security.DEBUG: Reloading user from user provider. [] []
[2012-12-03 15:09:25] security.DEBUG: Username "haithem" was reloaded from user provider. [] []
[2012-12-03 15:09:25] request.ERROR: Symfony\Component\HttpKernel\Exception\NotFoundHttpException: No route found for "GET /bundles/OpmTest/css/smoothness/jquery-ui-1.9.2.custom.min.css" (uncaught exception) at C:\wamp\www\opmV1.0\app\cache\prod\classes.php line 4642 [] []
[2012-12-03 15:09:25] security.DEBUG: Write SecurityContext in the session [] []
[2012-12-03 15:09:36] security.DEBUG: Read SecurityContext from the session [] []
[2012-12-03 15:09:36] security.DEBUG: Reloading user from user provider. [] []
[2012-12-03 15:09:36] security.DEBUG: Username "haithem" was reloaded from user provider. [] []
[2012-12-03 15:09:36] request.ERROR: Symfony\Component\HttpKernel\Exception\NotFoundHttpException: No route found for "GET /bundles/OpmTest/css/smoothness/jquery-ui-1.9.2.custom.min.css" (uncaught exception) at C:\wamp\www\opmV1.0\app\cache\prod\classes.php line 4642 [] []
[2012-12-03 15:09:36] security.DEBUG: Write SecurityContext in the session [] []
[2012-12-03 15:09:43] security.DEBUG: Read SecurityContext from the session [] []
[2012-12-03 15:09:43] security.DEBUG: Reloading user from user provider. [] []
[2012-12-03 15:09:43] security.DEBUG: Username "haithem" was reloaded from user provider. [] []
[2012-12-03 15:09:43] request.ERROR: Symfony\Component\HttpKernel\Exception\NotFoundHttpException: No route found for "GET /bundles/OpmTest/css/smoothness/jquery-ui-1.9.2.custom.min.css" (uncaught exception) at C:\wamp\www\opmV1.0\app\cache\prod\classes.php line 4642 [] []
[2012-12-03 15:09:43] security.DEBUG: Write SecurityContext in the session [] []
[2012-12-03 15:10:23] security.DEBUG: Read SecurityContext from the session [] []
[2012-12-03 15:10:23] security.DEBUG: Reloading user from user provider. [] []
[2012-12-03 15:10:23] security.DEBUG: Username "haithem" was reloaded from user provider. [] []
[2012-12-03 15:10:23] request.ERROR: Symfony\Component\HttpKernel\Exception\NotFoundHttpException: No route found for "GET /bundles/OpmTest/css/smoothness/jquery-ui-1.9.2.custom.min.css" (uncaught exception) at C:\wamp\www\opmV1.0\app\cache\prod\classes.php line 4642 [] []
[2012-12-03 15:10:23] security.DEBUG: Write SecurityContext in the session [] []
[2012-12-03 15:10:26] security.INFO: Populated SecurityContext with an anonymous Token [] []
[2012-12-03 15:10:26] request.ERROR: Symfony\Component\HttpKernel\Exception\NotFoundHttpException: No route found for "GET /bundles/OpmTest/css/smoothness/jquery-ui-1.9.2.custom.min.css" (uncaught exception) at C:\wamp\www\opmV1.0\app\cache\prod\classes.php line 4642 [] []
[2012-12-03 15:42:57] security.DEBUG: Read SecurityContext from the session [] []
[2012-12-03 15:42:57] security.DEBUG: Reloading user from user provider. [] []
[2012-12-03 15:42:57] security.DEBUG: Username "haithem" was reloaded from user provider. [] []
[2012-12-03 15:42:57] request.ERROR: Symfony\Component\HttpKernel\Exception\NotFoundHttpException: No route found for "GET /bundles/OpmTest/images/fr.gif" (uncaught exception) at C:\wamp\www\opmV1.0\app\cache\prod\classes.php line 4642 [] []
[2012-12-03 15:42:57] security.DEBUG: Write SecurityContext in the session [] []
[2012-12-03 15:43:00] security.DEBUG: Read SecurityContext from the session [] []
[2012-12-03 15:43:00] security.DEBUG: Reloading user from user provider. [] []
[2012-12-03 15:43:00] security.DEBUG: Username "haithem" was reloaded from user provider. [] []
[2012-12-03 15:43:00] request.ERROR: Symfony\Component\HttpKernel\Exception\NotFoundHttpException: No route found for "GET /bundles/OpmTest/images/fr.gif" (uncaught exception) at C:\wamp\www\opmV1.0\app\cache\prod\classes.php line 4642 [] []
[2012-12-03 15:43:00] security.DEBUG: Write SecurityContext in the session [] []
[2012-12-03 15:43:04] security.DEBUG: Read SecurityContext from the session [] []
[2012-12-03 15:43:04] security.DEBUG: Reloading user from user provider. [] []
[2012-12-03 15:43:04] security.DEBUG: Username "haithem" was reloaded from user provider. [] []
[2012-12-03 15:43:04] request.ERROR: Symfony\Component\HttpKernel\Exception\NotFoundHttpException: No route found for "GET /bundles/OpmTest/images/fr.gif" (uncaught exception) at C:\wamp\www\opmV1.0\app\cache\prod\classes.php line 4642 [] []
[2012-12-03 15:43:04] security.DEBUG: Write SecurityContext in the session [] []
[2012-12-04 07:41:13] security.INFO: Populated SecurityContext with an anonymous Token [] []
[2012-12-04 07:41:13] request.ERROR: Symfony\Component\HttpKernel\Exception\NotFoundHttpException: No route found for "GET /" (uncaught exception) at C:\wamp\www\opmV1.0\app\cache\prod\classes.php line 4642 [] []
[2012-12-04 11:17:43] security.DEBUG: Read SecurityContext from the session [] []
[2012-12-04 11:17:43] security.DEBUG: Reloading user from user provider. [] []
[2012-12-04 11:17:43] security.DEBUG: Username "haithem" was reloaded from user provider. [] []
[2012-12-04 11:17:43] request.ERROR: Symfony\Component\HttpKernel\Exception\NotFoundHttpException: No route found for "GET /bundles/OpmTest/css/bootstrap.css" (uncaught exception) at C:\wamp\www\opmV1.0\app\cache\prod\classes.php line 4642 [] []
[2012-12-04 11:17:43] security.DEBUG: Write SecurityContext in the session [] []
[2012-12-04 12:56:05] security.DEBUG: Read SecurityContext from the session [] []
[2012-12-04 12:56:05] security.DEBUG: Reloading user from user provider. [] []
[2012-12-04 12:56:05] security.DEBUG: Username "haithem" was reloaded from user provider. [] []
[2012-12-04 12:56:05] request.ERROR: Symfony\Component\HttpKernel\Exception\NotFoundHttpException: No route found for "GET /bundles/OpmTest/images/drop.gif" (uncaught exception) at C:\wamp\www\opmV1.0\app\cache\prod\classes.php line 4642 [] []
[2012-12-04 12:56:06] security.DEBUG: Write SecurityContext in the session [] []
[2012-12-04 12:56:08] security.DEBUG: Read SecurityContext from the session [] []
[2012-12-04 12:56:08] security.DEBUG: Reloading user from user provider. [] []
[2012-12-04 12:56:09] security.DEBUG: Username "haithem" was reloaded from user provider. [] []
[2012-12-04 12:56:09] request.ERROR: Symfony\Component\HttpKernel\Exception\NotFoundHttpException: No route found for "GET /bundles/OpmTest/images/drop.gif" (uncaught exception) at C:\wamp\www\opmV1.0\app\cache\prod\classes.php line 4642 [] []
[2012-12-04 12:56:09] security.DEBUG: Write SecurityContext in the session [] []
[2012-12-04 12:56:22] security.DEBUG: Read SecurityContext from the session [] []
[2012-12-04 12:56:22] security.DEBUG: Reloading user from user provider. [] []
[2012-12-04 12:56:22] security.DEBUG: Username "haithem" was reloaded from user provider. [] []
[2012-12-04 12:56:22] request.ERROR: Symfony\Component\HttpKernel\Exception\NotFoundHttpException: No route found for "GET /bundles/OpmTest/images/drop.gif" (uncaught exception) at C:\wamp\www\opmV1.0\app\cache\prod\classes.php line 4642 [] []
[2012-12-04 12:56:22] security.DEBUG: Write SecurityContext in the session [] []
[2012-12-04 12:56:39] security.DEBUG: Read SecurityContext from the session [] []
[2012-12-04 12:56:39] security.DEBUG: Reloading user from user provider. [] []
[2012-12-04 12:56:39] security.DEBUG: Username "haithem" was reloaded from user provider. [] []
[2012-12-04 12:56:39] request.ERROR: Symfony\Component\HttpKernel\Exception\NotFoundHttpException: No route found for "GET /bundles/OpmTest/images/drop.gif" (uncaught exception) at C:\wamp\www\opmV1.0\app\cache\prod\classes.php line 4642 [] []
[2012-12-04 12:56:39] security.DEBUG: Write SecurityContext in the session [] []
[2012-12-04 14:26:50] security.DEBUG: Read SecurityContext from the session [] []
[2012-12-04 14:26:50] security.DEBUG: Reloading user from user provider. [] []
[2012-12-04 14:26:50] security.DEBUG: Username "haithem" was reloaded from user provider. [] []
[2012-12-04 14:26:50] request.ERROR: Symfony\Component\HttpKernel\Exception\NotFoundHttpException: No route found for "GET /bundles/OpmTest/images/arrow_down.png" (uncaught exception) at C:\wamp\www\opmV1.0\app\cache\prod\classes.php line 4642 [] []
[2012-12-04 14:26:50] security.DEBUG: Write SecurityContext in the session [] []
[2012-12-04 14:27:01] security.DEBUG: Read SecurityContext from the session [] []
[2012-12-04 14:27:01] security.DEBUG: Reloading user from user provider. [] []
[2012-12-04 14:27:01] security.DEBUG: Username "haithem" was reloaded from user provider. [] []
[2012-12-04 14:27:01] request.ERROR: Symfony\Component\HttpKernel\Exception\NotFoundHttpException: No route found for "GET /bundles/OpmTest/images/arrow_down.png" (uncaught exception) at C:\wamp\www\opmV1.0\app\cache\prod\classes.php line 4642 [] []
[2012-12-04 14:27:01] security.DEBUG: Write SecurityContext in the session [] []
[2012-12-04 14:27:03] security.DEBUG: Read SecurityContext from the session [] []
[2012-12-04 14:27:03] security.DEBUG: Reloading user from user provider. [] []
[2012-12-04 14:27:03] security.DEBUG: Username "haithem" was reloaded from user provider. [] []
[2012-12-04 14:27:03] request.ERROR: Symfony\Component\HttpKernel\Exception\NotFoundHttpException: No route found for "GET /bundles/OpmTest/images/arrow_down.png" (uncaught exception) at C:\wamp\www\opmV1.0\app\cache\prod\classes.php line 4642 [] []
[2012-12-04 14:27:03] security.DEBUG: Write SecurityContext in the session [] []
[2012-12-04 14:27:05] security.DEBUG: Read SecurityContext from the session [] []
[2012-12-04 14:27:05] security.DEBUG: Reloading user from user provider. [] []
[2012-12-04 14:27:05] security.DEBUG: Username "haithem" was reloaded from user provider. [] []
[2012-12-04 14:27:05] request.ERROR: Symfony\Component\HttpKernel\Exception\NotFoundHttpException: No route found for "GET /bundles/OpmTest/images/arrow_down.png" (uncaught exception) at C:\wamp\www\opmV1.0\app\cache\prod\classes.php line 4642 [] []
[2012-12-04 14:27:05] security.DEBUG: Write SecurityContext in the session [] []
[2012-12-04 14:27:06] security.DEBUG: Read SecurityContext from the session [] []
[2012-12-04 14:27:06] security.DEBUG: Reloading user from user provider. [] []
[2012-12-04 14:27:06] security.DEBUG: Username "haithem" was reloaded from user provider. [] []
[2012-12-04 14:27:06] request.ERROR: Symfony\Component\HttpKernel\Exception\NotFoundHttpException: No route found for "GET /bundles/OpmTest/images/arrow_down.png" (uncaught exception) at C:\wamp\www\opmV1.0\app\cache\prod\classes.php line 4642 [] []
[2012-12-04 14:27:06] security.DEBUG: Write SecurityContext in the session [] []
[2012-12-04 14:27:07] security.DEBUG: Read SecurityContext from the session [] []
[2012-12-04 14:27:07] security.DEBUG: Reloading user from user provider. [] []
[2012-12-04 14:27:07] security.DEBUG: Username "haithem" was reloaded from user provider. [] []
[2012-12-04 14:27:07] request.ERROR: Symfony\Component\HttpKernel\Exception\NotFoundHttpException: No route found for "GET /bundles/OpmTest/images/arrow_down.png" (uncaught exception) at C:\wamp\www\opmV1.0\app\cache\prod\classes.php line 4642 [] []
[2012-12-04 14:27:07] security.DEBUG: Write SecurityContext in the session [] []
[2012-12-04 14:27:08] security.DEBUG: Read SecurityContext from the session [] []
[2012-12-04 14:27:08] security.DEBUG: Reloading user from user provider. [] []
[2012-12-04 14:27:08] security.DEBUG: Username "haithem" was reloaded from user provider. [] []
[2012-12-04 14:27:08] request.ERROR: Symfony\Component\HttpKernel\Exception\NotFoundHttpException: No route found for "GET /bundles/OpmTest/images/arrow_down.png" (uncaught exception) at C:\wamp\www\opmV1.0\app\cache\prod\classes.php line 4642 [] []
[2012-12-04 14:27:08] security.DEBUG: Write SecurityContext in the session [] []
[2012-12-04 14:27:44] security.DEBUG: Read SecurityContext from the session [] []
[2012-12-04 14:27:44] security.DEBUG: Reloading user from user provider. [] []
[2012-12-04 14:27:44] security.DEBUG: Username "haithem" was reloaded from user provider. [] []
[2012-12-04 14:27:44] request.ERROR: Symfony\Component\HttpKernel\Exception\NotFoundHttpException: No route found for "GET /bundles/OpmTest/images/arrow_down.png" (uncaught exception) at C:\wamp\www\opmV1.0\app\cache\prod\classes.php line 4642 [] []
[2012-12-04 14:27:44] security.DEBUG: Write SecurityContext in the session [] []
[2012-12-04 14:27:45] security.DEBUG: Read SecurityContext from the session [] []
[2012-12-04 14:27:45] security.DEBUG: Reloading user from user provider. [] []
[2012-12-04 14:27:45] security.DEBUG: Username "haithem" was reloaded from user provider. [] []
[2012-12-04 14:27:45] request.ERROR: Symfony\Component\HttpKernel\Exception\NotFoundHttpException: No route found for "GET /bundles/OpmTest/images/arrow_down.png" (uncaught exception) at C:\wamp\www\opmV1.0\app\cache\prod\classes.php line 4642 [] []
[2012-12-04 14:27:45] security.DEBUG: Write SecurityContext in the session [] []
[2012-12-04 14:27:50] security.DEBUG: Read SecurityContext from the session [] []
[2012-12-04 14:27:50] security.DEBUG: Reloading user from user provider. [] []
[2012-12-04 14:27:50] security.DEBUG: Username "haithem" was reloaded from user provider. [] []
[2012-12-04 14:27:50] request.ERROR: Symfony\Component\HttpKernel\Exception\NotFoundHttpException: No route found for "GET /bundles/OpmTest/images/arrow_down.png" (uncaught exception) at C:\wamp\www\opmV1.0\app\cache\prod\classes.php line 4642 [] []
[2012-12-04 14:27:50] security.DEBUG: Write SecurityContext in the session [] []
[2012-12-04 14:28:28] security.DEBUG: Read SecurityContext from the session [] []
[2012-12-04 14:28:28] security.DEBUG: Reloading user from user provider. [] []
[2012-12-04 14:28:28] security.DEBUG: Username "haithem" was reloaded from user provider. [] []
[2012-12-04 14:28:28] request.ERROR: Symfony\Component\HttpKernel\Exception\NotFoundHttpException: No route found for "GET /bundles/OpmTest/images/arrow_down.png" (uncaught exception) at C:\wamp\www\opmV1.0\app\cache\prod\classes.php line 4642 [] []
[2012-12-04 14:28:29] security.DEBUG: Write SecurityContext in the session [] []
[2012-12-04 14:28:30] security.DEBUG: Read SecurityContext from the session [] []
[2012-12-04 14:28:30] security.DEBUG: Reloading user from user provider. [] []
[2012-12-04 14:28:31] security.DEBUG: Username "haithem" was reloaded from user provider. [] []
[2012-12-04 14:28:31] request.ERROR: Symfony\Component\HttpKernel\Exception\NotFoundHttpException: No route found for "GET /bundles/OpmTest/images/arrow_down.png" (uncaught exception) at C:\wamp\www\opmV1.0\app\cache\prod\classes.php line 4642 [] []
[2012-12-04 14:28:31] security.DEBUG: Write SecurityContext in the session [] []
[2012-12-04 14:28:44] security.DEBUG: Read SecurityContext from the session [] []
[2012-12-04 14:28:44] security.DEBUG: Reloading user from user provider. [] []
[2012-12-04 14:28:44] security.DEBUG: Username "haithem" was reloaded from user provider. [] []
[2012-12-04 14:28:44] request.ERROR: Symfony\Component\HttpKernel\Exception\NotFoundHttpException: No route found for "GET /bundles/OpmTest/images/arrow_down.png" (uncaught exception) at C:\wamp\www\opmV1.0\app\cache\prod\classes.php line 4642 [] []
[2012-12-04 14:28:44] security.DEBUG: Write SecurityContext in the session [] []
[2012-12-05 07:44:16] security.INFO: Populated SecurityContext with an anonymous Token [] []
[2012-12-05 07:44:16] request.ERROR: Symfony\Component\HttpKernel\Exception\NotFoundHttpException: No route found for "GET /" (uncaught exception) at C:\wamp\www\opmV1.0\app\cache\prod\classes.php line 4642 [] []
[2012-12-05 15:00:42] event.DEBUG: Notified event "kernel.request" to listener "Symfony\Bundle\FrameworkBundle\EventListener\RouterListener::onEarlyKernelRequest". [] []
[2012-12-05 15:00:42] event.DEBUG: Notified event "kernel.request" to listener "Symfony\Bundle\FrameworkBundle\EventListener\SessionListener::onKernelRequest". [] []
[2012-12-05 15:00:42] event.DEBUG: Notified event "kernel.request" to listener "Symfony\Component\Security\Http\Firewall::onKernelRequest". [] []
[2012-12-05 15:00:42] security.INFO: Populated SecurityContext with an anonymous Token [] []
[2012-12-05 15:00:42] event.DEBUG: Notified event "kernel.request" to listener "Symfony\Bundle\FrameworkBundle\EventListener\RouterListener::onKernelRequest". [] []
[2012-12-05 15:00:42] event.DEBUG: Notified event "kernel.exception" to listener "Symfony\Component\Security\Http\Firewall\ExceptionListener::onKernelException". [] []
[2012-12-05 15:00:42] event.DEBUG: Notified event "kernel.exception" to listener "Symfony\Component\HttpKernel\EventListener\ExceptionListener::onKernelException". [] []
[2012-12-05 15:00:42] request.ERROR: Symfony\Component\HttpKernel\Exception\NotFoundHttpException: No route found for "GET /app_dev/test/login" (uncaught exception) at C:\wamp\www\opmV1.0\app\cache\prod\classes.php line 4642 [] []
[2012-12-05 15:00:42] event.DEBUG: Notified event "kernel.request" to listener "Symfony\Bundle\FrameworkBundle\EventListener\RouterListener::onEarlyKernelRequest". [] []
[2012-12-05 15:00:42] event.DEBUG: Notified event "kernel.request" to listener "Symfony\Bundle\FrameworkBundle\EventListener\SessionListener::onKernelRequest". [] []
[2012-12-05 15:00:42] event.DEBUG: Notified event "kernel.request" to listener "Symfony\Component\Security\Http\Firewall::onKernelRequest". [] []
[2012-12-05 15:00:42] event.DEBUG: Notified event "kernel.request" to listener "Symfony\Bundle\FrameworkBundle\EventListener\RouterListener::onKernelRequest". [] []
[2012-12-05 15:00:42] event.DEBUG: Notified event "kernel.controller" to listener "Sensio\Bundle\FrameworkExtraBundle\EventListener\ControllerListener::onKernelController". [] []
[2012-12-05 15:00:42] event.DEBUG: Notified event "kernel.controller" to listener "Sensio\Bundle\FrameworkExtraBundle\EventListener\ParamConverterListener::onKernelController". [] []
[2012-12-05 15:00:42] event.DEBUG: Notified event "kernel.controller" to listener "Sensio\Bundle\FrameworkExtraBundle\EventListener\TemplateListener::onKernelController". [] []
[2012-12-05 15:00:42] event.DEBUG: Notified event "kernel.controller" to listener "Acme\DemoBundle\ControllerListener::onKernelController". [] []
[2012-12-05 15:00:42] event.DEBUG: Notified event "kernel.controller" to listener "JMS\SecurityExtraBundle\Controller\ControllerListener::onCoreController". [] []
[2012-12-05 15:00:43] event.DEBUG: Notified event "kernel.response" to listener "Symfony\Component\Security\Http\Firewall\ContextListener::onKernelResponse". [] []
[2012-12-05 15:00:43] event.DEBUG: Notified event "kernel.response" to listener "Symfony\Component\HttpKernel\EventListener\ResponseListener::onKernelResponse". [] []
[2012-12-05 15:00:43] event.DEBUG: Notified event "kernel.response" to listener "Symfony\Bundle\SecurityBundle\EventListener\ResponseListener::onKernelResponse". [] []
[2012-12-05 15:00:43] event.DEBUG: Notified event "kernel.response" to listener "Sensio\Bundle\FrameworkExtraBundle\EventListener\CacheListener::onKernelResponse". [] []
[2012-12-05 15:00:43] event.DEBUG: Notified event "kernel.response" to listener "Symfony\Bundle\WebProfilerBundle\EventListener\WebDebugToolbarListener::onKernelResponse". [] []
[2012-12-05 15:00:43] event.DEBUG: Listener "Symfony\Component\HttpKernel\EventListener\ExceptionListener::onKernelException" stopped propagation of the event "kernel.exception". [] []
[2012-12-05 15:00:43] event.DEBUG: Notified event "kernel.response" to listener "Symfony\Component\Security\Http\Firewall\ContextListener::onKernelResponse". [] []
[2012-12-05 15:00:43] event.DEBUG: Notified event "kernel.response" to listener "Symfony\Component\HttpKernel\EventListener\ResponseListener::onKernelResponse". [] []
[2012-12-05 15:00:43] event.DEBUG: Notified event "kernel.response" to listener "Symfony\Bundle\SecurityBundle\EventListener\ResponseListener::onKernelResponse". [] []
[2012-12-05 15:00:43] event.DEBUG: Notified event "kernel.response" to listener "Sensio\Bundle\FrameworkExtraBundle\EventListener\CacheListener::onKernelResponse". [] []
[2012-12-05 15:00:43] event.DEBUG: Notified event "kernel.response" to listener "Symfony\Bundle\WebProfilerBundle\EventListener\WebDebugToolbarListener::onKernelResponse". [] []
[2012-12-05 15:05:18] event.DEBUG: Notified event "kernel.request" to listener "Symfony\Bundle\FrameworkBundle\EventListener\RouterListener::onEarlyKernelRequest". [] []
[2012-12-05 15:05:18] event.DEBUG: Notified event "kernel.request" to listener "Symfony\Bundle\FrameworkBundle\EventListener\SessionListener::onKernelRequest". [] []
[2012-12-05 15:05:18] event.DEBUG: Notified event "kernel.request" to listener "Symfony\Component\Security\Http\Firewall::onKernelRequest". [] []
[2012-12-05 15:05:18] security.INFO: Populated SecurityContext with an anonymous Token [] []
[2012-12-05 15:05:18] event.DEBUG: Notified event "kernel.request" to listener "Symfony\Bundle\FrameworkBundle\EventListener\RouterListener::onKernelRequest". [] []
[2012-12-05 15:05:18] event.DEBUG: Notified event "kernel.exception" to listener "Symfony\Component\Security\Http\Firewall\ExceptionListener::onKernelException". [] []
[2012-12-05 15:05:18] event.DEBUG: Notified event "kernel.exception" to listener "Symfony\Component\HttpKernel\EventListener\ExceptionListener::onKernelException". [] []
[2012-12-05 15:05:18] request.ERROR: Symfony\Component\HttpKernel\Exception\NotFoundHttpException: No route found for "GET /app_dev/login" (uncaught exception) at C:\wamp\www\opmV1.0\app\cache\prod\classes.php line 4642 [] []
[2012-12-05 15:05:18] event.DEBUG: Notified event "kernel.request" to listener "Symfony\Bundle\FrameworkBundle\EventListener\RouterListener::onEarlyKernelRequest". [] []
[2012-12-05 15:05:18] event.DEBUG: Notified event "kernel.request" to listener "Symfony\Bundle\FrameworkBundle\EventListener\SessionListener::onKernelRequest". [] []
[2012-12-05 15:05:18] event.DEBUG: Notified event "kernel.request" to listener "Symfony\Component\Security\Http\Firewall::onKernelRequest". [] []
[2012-12-05 15:05:18] event.DEBUG: Notified event "kernel.request" to listener "Symfony\Bundle\FrameworkBundle\EventListener\RouterListener::onKernelRequest". [] []
[2012-12-05 15:05:18] event.DEBUG: Notified event "kernel.controller" to listener "Sensio\Bundle\FrameworkExtraBundle\EventListener\ControllerListener::onKernelController". [] []
[2012-12-05 15:05:18] event.DEBUG: Notified event "kernel.controller" to listener "Sensio\Bundle\FrameworkExtraBundle\EventListener\ParamConverterListener::onKernelController". [] []
[2012-12-05 15:05:18] event.DEBUG: Notified event "kernel.controller" to listener "Sensio\Bundle\FrameworkExtraBundle\EventListener\TemplateListener::onKernelController". [] []
[2012-12-05 15:05:18] event.DEBUG: Notified event "kernel.controller" to listener "Acme\DemoBundle\ControllerListener::onKernelController". [] []
[2012-12-05 15:05:18] event.DEBUG: Notified event "kernel.controller" to listener "JMS\SecurityExtraBundle\Controller\ControllerListener::onCoreController". [] []
[2012-12-05 15:05:18] event.DEBUG: Notified event "kernel.response" to listener "Symfony\Component\Security\Http\Firewall\ContextListener::onKernelResponse". [] []
[2012-12-05 15:05:18] event.DEBUG: Notified event "kernel.response" to listener "Symfony\Component\HttpKernel\EventListener\ResponseListener::onKernelResponse". [] []
[2012-12-05 15:05:18] event.DEBUG: Notified event "kernel.response" to listener "Symfony\Bundle\SecurityBundle\EventListener\ResponseListener::onKernelResponse". [] []
[2012-12-05 15:05:18] event.DEBUG: Notified event "kernel.response" to listener "Sensio\Bundle\FrameworkExtraBundle\EventListener\CacheListener::onKernelResponse". [] []
[2012-12-05 15:05:18] event.DEBUG: Notified event "kernel.response" to listener "Symfony\Bundle\WebProfilerBundle\EventListener\WebDebugToolbarListener::onKernelResponse". [] []
[2012-12-05 15:05:18] event.DEBUG: Listener "Symfony\Component\HttpKernel\EventListener\ExceptionListener::onKernelException" stopped propagation of the event "kernel.exception". [] []
[2012-12-05 15:05:18] event.DEBUG: Notified event "kernel.response" to listener "Symfony\Component\Security\Http\Firewall\ContextListener::onKernelResponse". [] []
[2012-12-05 15:05:18] event.DEBUG: Notified event "kernel.response" to listener "Symfony\Component\HttpKernel\EventListener\ResponseListener::onKernelResponse". [] []
[2012-12-05 15:05:18] event.DEBUG: Notified event "kernel.response" to listener "Symfony\Bundle\SecurityBundle\EventListener\ResponseListener::onKernelResponse". [] []
[2012-12-05 15:05:18] event.DEBUG: Notified event "kernel.response" to listener "Sensio\Bundle\FrameworkExtraBundle\EventListener\CacheListener::onKernelResponse". [] []
[2012-12-05 15:05:18] event.DEBUG: Notified event "kernel.response" to listener "Symfony\Bundle\WebProfilerBundle\EventListener\WebDebugToolbarListener::onKernelResponse". [] []
[2012-12-05 15:06:15] security.INFO: Populated SecurityContext with an anonymous Token [] []
[2012-12-05 15:06:15] request.ERROR: Symfony\Component\HttpKernel\Exception\NotFoundHttpException: No route found for "GET /app_dev/login" (uncaught exception) at C:\wamp\www\opmV1.0\app\cache\prod\classes.php line 4642 [] []
[2012-12-05 15:11:20] security.DEBUG: Read SecurityContext from the session [] []
[2012-12-05 15:11:20] security.DEBUG: Reloading user from user provider. [] []
[2012-12-05 15:11:20] security.DEBUG: Username "haithem" was reloaded from user provider. [] []
[2012-12-05 15:11:20] request.ERROR: Symfony\Component\HttpKernel\Exception\NotFoundHttpException: No route found for "GET /console" (uncaught exception) at C:\wamp\www\opmV1.0\app\cache\prod\classes.php line 4642 [] []
[2012-12-05 15:11:20] security.DEBUG: Write SecurityContext in the session [] []
[2012-12-05 15:11:23] security.DEBUG: Read SecurityContext from the session [] []
[2012-12-05 15:11:23] security.DEBUG: Reloading user from user provider. [] []
[2012-12-05 15:11:23] security.DEBUG: Username "haithem" was reloaded from user provider. [] []
[2012-12-05 15:11:23] request.ERROR: Symfony\Component\HttpKernel\Exception\NotFoundHttpException: No route found for "GET /consol" (uncaught exception) at C:\wamp\www\opmV1.0\app\cache\prod\classes.php line 4642 [] []
[2012-12-05 15:11:23] security.DEBUG: Write SecurityContext in the session [] []
[2012-12-05 15:11:28] security.DEBUG: Read SecurityContext from the session [] []
[2012-12-05 15:11:28] security.DEBUG: Reloading user from user provider. [] []
[2012-12-05 15:11:28] security.DEBUG: Username "haithem" was reloaded from user provider. [] []
[2012-12-05 15:11:28] request.ERROR: Symfony\Component\HttpKernel\Exception\NotFoundHttpException: No route found for "GET /console" (uncaught exception) at C:\wamp\www\opmV1.0\app\cache\prod\classes.php line 4642 [] []
[2012-12-05 15:11:28] security.DEBUG: Write SecurityContext in the session [] []
[2012-12-05 15:11:32] security.DEBUG: Read SecurityContext from the session [] []
[2012-12-05 15:11:32] security.DEBUG: Reloading user from user provider. [] []
[2012-12-05 15:11:32] security.DEBUG: Username "haithem" was reloaded from user provider. [] []
[2012-12-05 15:11:32] request.ERROR: Symfony\Component\HttpKernel\Exception\NotFoundHttpException: No route found for "GET /Console" (uncaught exception) at C:\wamp\www\opmV1.0\app\cache\prod\classes.php line 4642 [] []
[2012-12-05 15:11:32] security.DEBUG: Write SecurityContext in the session [] []
[2012-12-05 15:11:38] security.DEBUG: Read SecurityContext from the session [] []
[2012-12-05 15:11:38] security.DEBUG: Reloading user from user provider. [] []
[2012-12-05 15:11:38] security.DEBUG: Username "haithem" was reloaded from user provider. [] []
[2012-12-05 15:11:38] request.ERROR: Symfony\Component\HttpKernel\Exception\NotFoundHttpException: No route found for "GET /console" (uncaught exception) at C:\wamp\www\opmV1.0\app\cache\prod\classes.php line 4642 [] []
[2012-12-05 15:11:38] security.DEBUG: Write SecurityContext in the session [] []
[2012-12-05 15:12:16] security.DEBUG: Read SecurityContext from the session [] []
[2012-12-05 15:12:16] security.DEBUG: Reloading user from user provider. [] []
[2012-12-05 15:12:16] security.DEBUG: Username "haithem" was reloaded from user provider. [] []
[2012-12-05 15:12:16] request.ERROR: Symfony\Component\HttpKernel\Exception\NotFoundHttpException: No route found for "GET /console" (uncaught exception) at C:\wamp\www\opmV1.0\app\cache\prod\classes.php line 4642 [] []
[2012-12-05 15:12:16] security.DEBUG: Write SecurityContext in the session [] []
[2012-12-05 17:22:34] security.INFO: Populated SecurityContext with an anonymous Token [] []
[2012-12-05 17:22:34] request.ERROR: Symfony\Component\HttpKernel\Exception\NotFoundHttpException: No route found for "GET /" (uncaught exception) at C:\wamp\www\opmV1.0\app\cache\prod\classes.php line 4642 [] []
[2012-12-05 17:22:55] security.INFO: Populated SecurityContext with an anonymous Token [] []
[2012-12-05 17:22:55] request.ERROR: Symfony\Component\HttpKernel\Exception\NotFoundHttpException: No route found for "GET //app_dev.phplogin" (uncaught exception) at C:\wamp\www\opmV1.0\app\cache\prod\classes.php line 4642 [] []
[2012-12-07 09:27:37] security.INFO: Populated SecurityContext with an anonymous Token [] []
[2012-12-07 09:27:37] request.ERROR: Symfony\Component\HttpKernel\Exception\NotFoundHttpException: No route found for "GET /" (uncaught exception) at C:\wamp\www\opmV1.0\app\cache\prod\classes.php line 4642 [] []
[2012-12-13 15:59:50] security.INFO: Populated SecurityContext with an anonymous Token [] []
[2012-12-13 15:59:50] request.ERROR: Symfony\Component\HttpKernel\Exception\NotFoundHttpException: No route found for "GET /" (uncaught exception) at C:\wamp\www\opmV1.0\vendor\symfony\src\Symfony\Bundle\FrameworkBundle\EventListener\RouterListener.php line 83 [] []
[2012-12-13 15:59:59] security.INFO: Populated SecurityContext with an anonymous Token [] []
[2012-12-13 15:59:59] request.ERROR: Symfony\Component\HttpKernel\Exception\NotFoundHttpException: No route found for "GET /" (uncaught exception) at C:\wamp\www\opmV1.0\vendor\symfony\src\Symfony\Bundle\FrameworkBundle\EventListener\RouterListener.php line 83 [] []
[2012-12-13 16:00:10] security.INFO: Populated SecurityContext with an anonymous Token [] []
[2012-12-13 16:00:10] request.ERROR: Symfony\Component\HttpKernel\Exception\NotFoundHttpException: No route found for "GET /" (uncaught exception) at C:\wamp\www\opmV1.0\app\cache\prod\classes.php line 4642 [] []
[2012-12-13 16:00:14] security.INFO: Populated SecurityContext with an anonymous Token [] []
[2012-12-13 16:00:14] request.ERROR: Symfony\Component\HttpKernel\Exception\NotFoundHttpException: No route found for "GET /" (uncaught exception) at C:\wamp\www\opmV1.0\app\cache\prod\classes.php line 4642 [] []
[2012-12-13 16:00:27] security.INFO: Populated SecurityContext with an anonymous Token [] []
[2012-12-13 16:00:27] request.ERROR: Symfony\Component\HttpKernel\Exception\NotFoundHttpException: No route found for "GET /fontend_dev.php" (uncaught exception) at C:\wamp\www\opmV1.0\app\cache\prod\classes.php line 4642 [] []
[2012-12-13 16:00:31] security.INFO: Populated SecurityContext with an anonymous Token [] []
[2012-12-13 16:00:31] request.ERROR: Symfony\Component\HttpKernel\Exception\NotFoundHttpException: No route found for "GET /fontend_dev.php" (uncaught exception) at C:\wamp\www\opmV1.0\app\cache\prod\classes.php line 4642 [] []
[2013-02-06 08:56:55] security.INFO: Populated SecurityContext with an anonymous Token [] []
[2013-02-06 08:56:55] request.ERROR: Symfony\Component\HttpKernel\Exception\NotFoundHttpException: No route found for "GET /" (uncaught exception) at C:\wamp\www\opmV1.0\app\cache\prod\classes.php line 4642 [] []
[2013-02-06 08:57:08] security.INFO: Populated SecurityContext with an anonymous Token [] []
[2013-02-06 08:57:08] request.ERROR: Symfony\Component\HttpKernel\Exception\NotFoundHttpException: No route found for "GET /" (uncaught exception) at C:\wamp\www\opmV1.0\app\cache\prod\classes.php line 4642 [] []
[2013-02-06 09:30:14] security.INFO: Populated SecurityContext with an anonymous Token [] []
[2013-02-06 09:30:14] request.ERROR: Symfony\Component\HttpKernel\Exception\NotFoundHttpException: No route found for "GET /" (uncaught exception) at C:\wamp\www\opmV1.0\app\cache\prod\classes.php line 4642 [] []
[2013-02-06 10:22:10] security.INFO: Populated SecurityContext with an anonymous Token [] []
[2013-02-06 10:22:10] request.ERROR: Symfony\Component\HttpKernel\Exception\NotFoundHttpException: No route found for "GET /" (uncaught exception) at C:\wamp\www\opmV1.0\app\cache\prod\classes.php line 4642 [] []
[2013-02-06 14:17:51] security.INFO: Populated SecurityContext with an anonymous Token [] []
[2013-02-06 14:17:51] request.ERROR: Symfony\Component\HttpKernel\Exception\NotFoundHttpException: No route found for "GET /" (uncaught exception) at C:\wamp\www\opmV1.0\app\cache\prod\classes.php line 4642 [] []
[2013-02-06 14:17:54] security.INFO: Populated SecurityContext with an anonymous Token [] []
[2013-02-06 14:17:54] request.ERROR: Symfony\Component\HttpKernel\Exception\NotFoundHttpException: No route found for "GET /" (uncaught exception) at C:\wamp\www\opmV1.0\app\cache\prod\classes.php line 4642 [] []
[2013-02-06 14:58:31] security.INFO: Populated SecurityContext with an anonymous Token [] []
[2013-02-06 14:58:31] request.ERROR: Symfony\Component\HttpKernel\Exception\NotFoundHttpException: No route found for "GET /" (uncaught exception) at C:\wamp\www\opmV1.0\app\cache\prod\classes.php line 4642 [] []
[2013-02-06 15:45:30] security.INFO: Populated SecurityContext with an anonymous Token [] []
[2013-02-06 15:45:30] request.ERROR: Symfony\Component\HttpKernel\Exception\NotFoundHttpException: No route found for "GET /" (uncaught exception) at C:\wamp\www\opmV1.0\app\cache\prod\classes.php line 4642 [] []
[2013-02-06 16:44:11] security.INFO: Populated SecurityContext with an anonymous Token [] []
[2013-02-06 16:44:11] request.ERROR: Symfony\Component\HttpKernel\Exception\NotFoundHttpException: No route found for "GET /" (uncaught exception) at C:\wamp\www\opmV1.0\app\cache\prod\classes.php line 4642 [] []
[2013-02-13 07:54:27] security.INFO: Populated SecurityContext with an anonymous Token [] []
[2013-02-13 07:54:27] request.ERROR: Symfony\Component\HttpKernel\Exception\NotFoundHttpException: No route found for "GET /" (uncaught exception) at C:\wamp\www\opmV1.0\app\cache\prod\classes.php line 4642 [] []
[2013-02-13 07:55:31] security.INFO: Populated SecurityContext with an anonymous Token [] []
[2013-02-13 07:55:31] request.ERROR: Symfony\Component\HttpKernel\Exception\NotFoundHttpException: No route found for "GET /" (uncaught exception) at C:\wamp\www\opmV1.0\app\cache\prod\classes.php line 4642 [] []
[2013-02-14 13:16:14] security.DEBUG: Read SecurityContext from the session [] []
[2013-02-14 13:16:14] security.DEBUG: Reloading user from user provider. [] []
[2013-02-14 13:16:16] security.DEBUG: Username "test" was reloaded from user provider. [] []
[2013-02-14 13:16:16] request.ERROR: Symfony\Component\HttpKernel\Exception\NotFoundHttpException: No route found for "GET /" (uncaught exception) at C:\wamp\www\opmV1.0\app\cache\prod\classes.php line 4642 [] []
[2013-02-14 13:16:16] security.DEBUG: Write SecurityContext in the session [] []
[2013-02-15 07:57:56] security.INFO: Populated SecurityContext with an anonymous Token [] []
[2013-02-15 07:57:56] request.ERROR: Symfony\Component\HttpKernel\Exception\NotFoundHttpException: No route found for "GET /" (uncaught exception) at C:\wamp\www\opmV1.0\app\cache\prod\classes.php line 4642 [] []
[2013-02-15 07:58:50] security.INFO: Populated SecurityContext with an anonymous Token [] []
[2013-02-15 07:58:50] request.ERROR: Symfony\Component\HttpKernel\Exception\NotFoundHttpException: No route found for "GET /" (uncaught exception) at C:\wamp\www\opmV1.0\app\cache\prod\classes.php line 4642 [] []
[2013-02-20 10:30:31] security.INFO: Populated SecurityContext with an anonymous Token [] []
[2013-02-20 10:30:31] request.ERROR: Symfony\Component\HttpKernel\Exception\NotFoundHttpException: No route found for "GET /" (uncaught exception) at C:\wamp\www\opmV1.0\app\cache\prod\classes.php line 4642 [] []
[2013-02-20 10:30:37] security.INFO: Populated SecurityContext with an anonymous Token [] []
[2013-02-20 10:30:37] request.ERROR: Symfony\Component\HttpKernel\Exception\NotFoundHttpException: No route found for "GET /app/dev" (uncaught exception) at C:\wamp\www\opmV1.0\app\cache\prod\classes.php line 4642 [] []
